#
# A fatal error has been detected by the Java Runtime Environment:
#
#  SIGSEGV (0xb) at pc=0x0000000000000000, pid=39434, tid=39652
#
# JRE version: OpenJDK Runtime Environment (11.0.18+10) (build 11.0.18+10-post-Ubuntu-0ubuntu122.04)
# Java VM: OpenJDK 64-Bit Server VM (11.0.18+10-post-Ubuntu-0ubuntu122.04, mixed mode, sharing, tiered, compressed oops, g1 gc, linux-amd64)
# Problematic frame:
# C  0x0000000000000000
#
# Core dump will be written. Default location: Core dumps may be processed with "/usr/share/apport/apport -p%p -s%s -c%c -d%d -P%P -u%u -g%g -- %E" (or dumping to /home/extended/Dev/asmt1/Razorpay/android/core.39434)
#
# If you would like to submit a bug report, please visit:
#   https://bugs.launchpad.net/ubuntu/+source/openjdk-lts
#

---------------  S U M M A R Y ------------

Command Line: org.jetbrains.kotlin.cli.jvm.K2JVMCompiler @/home/extended/Dev/asmt1/Razorpay/node_modules/react-native-screens/android/build/20230330_2712235984303541112.compiler.options

Host: 12th Gen Intel(R) Core(TM) i7-12700, 20 cores, 31G, Ubuntu 22.04.2 LTS
Time: Thu Mar 30 19:28:44 2023 IST elapsed time: 3.090250 seconds (0d 0h 0m 3s)

---------------  T H R E A D  ---------------

Current thread (0x00007fa068204000):  JavaThread "C2 CompilerThread1" daemon [_thread_in_native, id=39652, stack(0x00007fa095000000,0x00007fa095100000)]


Current CompileTask:
C2:   3091 4617       4       org.jetbrains.kotlin.com.intellij.lang.impl.PsiBuilderImpl::insertLeaves (88 bytes)

Stack: [0x00007fa095000000,0x00007fa095100000],  sp=0x00007fa0950faa68,  free space=1002k

siginfo: si_signo: 11 (SIGSEGV), si_code: 1 (SEGV_MAPERR), si_addr: 0x0000000000000000

Register to memory mapping:

RAX=0x00007fa0d308af20: <offset 0x000000000128af20> in /usr/lib/jvm/java-11-openjdk-amd64/lib/server/libjvm.so at 0x00007fa0d1e00000
RBX=0x00007f9ff83ea840 points into unknown readable memory: 0x00007fa0586896b0 | b0 96 68 58 a0 7f 00 00
RCX=0x000000007fffffff is an unknown value
RDX=0x0000000000000012 is an unknown value
RSP=0x00007fa0950faa68 is pointing into the stack for thread: 0x00007fa068204000
RBP=0x00007fa0950faad0 is pointing into the stack for thread: 0x00007fa068204000
RSI=0x00007fa06cd833f0 points into unknown readable memory: 0x00007fa0d2f8ceb8 | b8 ce f8 d2 a0 7f 00 00
RDI=0x00007fa0586816b0 points into unknown readable memory: 0x00007fa0d308af20 | 20 af 08 d3 a0 7f 00 00
R8 =0x00000000000003dd is an unknown value
R9 =0x00007fa0541fb9b0 points into unknown readable memory: 0x0000000800000002 | 02 00 00 00 08 00 00 00
R10=0x00007fa06c009da0 points into unknown readable memory: 0x00007fa0d3018a28 | 28 8a 01 d3 a0 7f 00 00
R11=0x00007fa06ce30af8 points into unknown readable memory: 0x00007fa0d301a130 | 30 a1 01 d3 a0 7f 00 00
R12=0x00007f9ff83ea920 points into unknown readable memory: 0x00007fa06cacee80 | 80 ee ac 6c a0 7f 00 00
R13=0x0000000000000033 is an unknown value
R14=0x00007fa06cb84a98 points into unknown readable memory: 0x00007fa0d3018540 | 40 85 01 d3 a0 7f 00 00
R15=0x00007fa0586816b0 points into unknown readable memory: 0x00007fa0d308af20 | 20 af 08 d3 a0 7f 00 00


Registers:
RAX=0x00007fa0d308af20, RBX=0x00007f9ff83ea840, RCX=0x000000007fffffff, RDX=0x0000000000000012
RSP=0x00007fa0950faa68, RBP=0x00007fa0950faad0, RSI=0x00007fa06cd833f0, RDI=0x00007fa0586816b0
R8 =0x00000000000003dd, R9 =0x00007fa0541fb9b0, R10=0x00007fa06c009da0, R11=0x00007fa06ce30af8
R12=0x00007f9ff83ea920, R13=0x0000000000000033, R14=0x00007fa06cb84a98, R15=0x00007fa0586816b0
RIP=0x0000000000000000, EFLAGS=0x0000000000010282, CSGSFS=0x002b000000000033, ERR=0x0000000000000014
  TRAPNO=0x000000000000000e

Top of Stack: (sp=0x00007fa0950faa68)
0x00007fa0950faa68:   00007fa0d235c079 00007fa06c2c1e70
0x00007fa0950faa78:   00007fa0950fb040 00007fa06c033c90
0x00007fa0950faa88:   00007fa004104b30 00007fa06cd833f0
0x00007fa0950faa98:   00007fa06cd833f0 00007fa0950fab20 

Instructions: (pc=0x0000000000000000)
0xffffffffffffff00:   


Stack slot to memory mapping:
stack at sp + 0 slots: 0x00007fa0d235c079: <offset 0x000000000055c079> in /usr/lib/jvm/java-11-openjdk-amd64/lib/server/libjvm.so at 0x00007fa0d1e00000
stack at sp + 1 slots: 0x00007fa06c2c1e70 points into unknown readable memory: 0x00007fa0d3020180 | 80 01 02 d3 a0 7f 00 00
stack at sp + 2 slots: 0x00007fa0950fb040 is pointing into the stack for thread: 0x00007fa068204000
stack at sp + 3 slots: 0x00007fa06c033c90 points into unknown readable memory: 0x00007fa0d30200b0 | b0 00 02 d3 a0 7f 00 00
stack at sp + 4 slots: 0x00007fa004104b30 points into unknown readable memory: 0x00007fa0d2f8ceb8 | b8 ce f8 d2 a0 7f 00 00
stack at sp + 5 slots: 0x00007fa06cd833f0 points into unknown readable memory: 0x00007fa0d2f8ceb8 | b8 ce f8 d2 a0 7f 00 00
stack at sp + 6 slots: 0x00007fa06cd833f0 points into unknown readable memory: 0x00007fa0d2f8ceb8 | b8 ce f8 d2 a0 7f 00 00
stack at sp + 7 slots: 0x00007fa0950fab20 is pointing into the stack for thread: 0x00007fa068204000


---------------  P R O C E S S  ---------------

Threads class SMR info:
_java_thread_list=0x00007fa068303180, length=19, elements={
0x00007fa0cc016000, 0x00007fa0cc24e800, 0x00007fa0cc250800, 0x00007fa0cc256000,
0x00007fa0cc258000, 0x00007fa0cc25a000, 0x00007fa0cc25c800, 0x00007fa0cc25e800,
0x00007fa06c08d800, 0x00007fa0cc299800, 0x00007fa0680ad000, 0x00007fa0680ae800,
0x00007fa068204000, 0x00007fa07013f800, 0x00007fa068205800, 0x00007fa01c08f000,
0x00007fa05417f000, 0x00007fa06c092000, 0x00007fa068302000
}

Java Threads: ( => current thread )
  0x00007fa0cc016000 JavaThread "main" [_thread_in_Java, id=39437, stack(0x00007fa0d3100000,0x00007fa0d3200000)]
  0x00007fa0cc24e800 JavaThread "Reference Handler" daemon [_thread_blocked, id=39453, stack(0x00007fa09c833000,0x00007fa09c933000)]
  0x00007fa0cc250800 JavaThread "Finalizer" daemon [_thread_blocked, id=39454, stack(0x00007fa09c733000,0x00007fa09c833000)]
  0x00007fa0cc256000 JavaThread "Signal Dispatcher" daemon [_thread_blocked, id=39455, stack(0x00007fa09c633000,0x00007fa09c733000)]
  0x00007fa0cc258000 JavaThread "Service Thread" daemon [_thread_blocked, id=39456, stack(0x00007fa09c533000,0x00007fa09c633000)]
  0x00007fa0cc25a000 JavaThread "C2 CompilerThread0" daemon [_thread_in_native, id=39457, stack(0x00007fa09c433000,0x00007fa09c533000)]
  0x00007fa0cc25c800 JavaThread "C1 CompilerThread0" daemon [_thread_blocked, id=39458, stack(0x00007fa09c333000,0x00007fa09c433000)]
  0x00007fa0cc25e800 JavaThread "Sweeper thread" daemon [_thread_blocked, id=39459, stack(0x00007fa09c233000,0x00007fa09c333000)]
  0x00007fa06c08d800 JavaThread "C1 CompilerThread1" daemon [_thread_blocked, id=39462, stack(0x00007fa09c133000,0x00007fa09c233000)]
  0x00007fa0cc299800 JavaThread "Common-Cleaner" daemon [_thread_blocked, id=39464, stack(0x00007fa095100000,0x00007fa095200000)]
  0x00007fa0680ad000 JavaThread "C1 CompilerThread2" daemon [_thread_blocked, id=39472, stack(0x00007fa094b00000,0x00007fa094c00000)]
  0x00007fa0680ae800 JavaThread "C1 CompilerThread3" daemon [_thread_blocked, id=39473, stack(0x00007fa094a00000,0x00007fa094b00000)]
=>0x00007fa068204000 JavaThread "C2 CompilerThread1" daemon [_thread_in_native, id=39652, stack(0x00007fa095000000,0x00007fa095100000)]
  0x00007fa07013f800 JavaThread "C2 CompilerThread2" daemon [_thread_in_native, id=39653, stack(0x00007fa094f00000,0x00007fa095000000)]
  0x00007fa068205800 JavaThread "C2 CompilerThread3" daemon [_thread_blocked, id=39654, stack(0x00007fa033006000,0x00007fa033106000)]
  0x00007fa01c08f000 JavaThread "C2 CompilerThread4" daemon [_thread_in_native, id=39655, stack(0x00007fa032800000,0x00007fa032900000)]
  0x00007fa05417f000 JavaThread "C2 CompilerThread5" daemon [_thread_in_native, id=39657, stack(0x00007fa032700000,0x00007fa032800000)]
  0x00007fa06c092000 JavaThread "C2 CompilerThread6" daemon [_thread_in_native, id=39669, stack(0x00007fa032600000,0x00007fa032700000)]
  0x00007fa068302000 JavaThread "C2 CompilerThread7" daemon [_thread_in_native, id=39670, stack(0x00007fa032500000,0x00007fa032600000)]

Other Threads:
  0x00007fa0cc24b800 VMThread "VM Thread" [stack: 0x00007fa09c935000,0x00007fa09ca35000] [id=39452]
  0x00007fa0cc297000 WatcherThread [stack: 0x00007fa09c033000,0x00007fa09c133000] [id=39463]
  0x00007fa0cc030000 GCTaskThread "GC Thread#0" [stack: 0x00007fa0d1817000,0x00007fa0d1917000] [id=39441]
  0x00007fa088001000 GCTaskThread "GC Thread#1" [stack: 0x00007fa094700000,0x00007fa094800000] [id=39487]
  0x00007fa088002800 GCTaskThread "GC Thread#2" [stack: 0x00007fa0945fe000,0x00007fa0946fe000] [id=39488]
  0x00007fa088004000 GCTaskThread "GC Thread#3" [stack: 0x00007fa0944fc000,0x00007fa0945fc000] [id=39489]
  0x00007fa088006000 GCTaskThread "GC Thread#4" [stack: 0x00007fa0943fa000,0x00007fa0944fa000] [id=39490]
  0x00007fa088007800 GCTaskThread "GC Thread#5" [stack: 0x00007fa0942f8000,0x00007fa0943f8000] [id=39491]
  0x00007fa088009000 GCTaskThread "GC Thread#6" [stack: 0x00007fa0941f6000,0x00007fa0942f6000] [id=39492]
  0x00007fa08800a800 GCTaskThread "GC Thread#7" [stack: 0x00007fa0940f4000,0x00007fa0941f4000] [id=39493]
  0x00007fa08800c000 GCTaskThread "GC Thread#8" [stack: 0x00007fa033f00000,0x00007fa034000000] [id=39494]
  0x00007fa08800d800 GCTaskThread "GC Thread#9" [stack: 0x00007fa033dfe000,0x00007fa033efe000] [id=39495]
  0x00007fa08800f000 GCTaskThread "GC Thread#10" [stack: 0x00007fa033cfc000,0x00007fa033dfc000] [id=39496]
  0x00007fa088010800 GCTaskThread "GC Thread#11" [stack: 0x00007fa033bfa000,0x00007fa033cfa000] [id=39497]
  0x00007fa0cc06a800 ConcurrentGCThread "G1 Main Marker" [stack: 0x00007fa0d060c000,0x00007fa0d070c000] [id=39442]
  0x00007fa0cc06c800 ConcurrentGCThread "G1 Conc#0" [stack: 0x00007fa0d050a000,0x00007fa0d060a000] [id=39443]
  0x00007fa098001000 ConcurrentGCThread "G1 Conc#1" [stack: 0x00007fa032d06000,0x00007fa032e06000] [id=39646]
  0x00007fa098002800 ConcurrentGCThread "G1 Conc#2" [stack: 0x00007fa032c04000,0x00007fa032d04000] [id=39647]
  0x00007fa098004000 ConcurrentGCThread "G1 Conc#3" [stack: 0x00007fa032b02000,0x00007fa032c02000] [id=39649]
  0x00007fa0cc20b800 ConcurrentGCThread "G1 Refine#0" [stack: 0x00007fa09d339000,0x00007fa09d439000] [id=39449]
  0x00007fa0cc20d000 ConcurrentGCThread "G1 Young RemSet Sampling" [stack: 0x00007fa09d237000,0x00007fa09d337000] [id=39450]

Threads with active compile tasks:
C2 CompilerThread0     3098 4898       4       org.jetbrains.kotlin.parsing.AbstractKotlinParsing::at (114 bytes)
C2 CompilerThread1     3098 4617       4       org.jetbrains.kotlin.com.intellij.lang.impl.PsiBuilderImpl::insertLeaves (88 bytes)
C2 CompilerThread2     3098 4600       4       org.jetbrains.kotlin.com.intellij.lang.impl.PsiBuilderImpl::createLeaf (155 bytes)
C2 CompilerThread4     3098 4618       4       org.jetbrains.kotlin.com.intellij.psi.impl.source.CharTableImpl::intern (71 bytes)
C2 CompilerThread5     3098 4739       4       org.jetbrains.kotlin.metadata.ProtoBuf$Type::writeTo (354 bytes)
C2 CompilerThread6     3098 4698   !   4       org.jetbrains.kotlin.metadata.ProtoBuf$Function::<init> (1410 bytes)
C2 CompilerThread7     3098 4694   !   4       org.jetbrains.kotlin.metadata.ProtoBuf$Type::<init> (875 bytes)

VM state:not at safepoint (normal execution)

VM Mutex/Monitor currently owned by a thread: None

Heap address: 0x000000060de00000, size: 7970 MB, Compressed Oops mode: Zero based, Oop shift amount: 3
Narrow klass base: 0x0000000800000000, Narrow klass shift: 3
Compressed class space size: 1073741824 Address: 0x0000000840000000

Heap:
 garbage-first heap   total 516096K, used 95019K [0x000000060de00000, 0x0000000800000000)
  region size 2048K, 42 young (86016K), 8 survivors (16384K)
 Metaspace       used 42883K, capacity 43523K, committed 43692K, reserved 1087488K
  class space    used 5139K, capacity 5350K, committed 5376K, reserved 1048576K
Heap Regions: E=young(eden), S=young(survivor), O=old, HS=humongous(starts), HC=humongous(continues), CS=collection set, F=free, A=archive, TAMS=top-at-mark-start (previous, next)
|   0|0x000000060de00000, 0x000000060e000000, 0x000000060e000000|100%|HS|  |TAMS 0x000000060e000000, 0x000000060de00000| Complete 
|   1|0x000000060e000000, 0x000000060e200000, 0x000000060e200000|100%|HC|  |TAMS 0x000000060e200000, 0x000000060e000000| Complete 
|   2|0x000000060e200000, 0x000000060e400000, 0x000000060e400000|100%|HS|  |TAMS 0x000000060e400000, 0x000000060e200000| Complete 
|   3|0x000000060e400000, 0x000000060e600000, 0x000000060e600000|100%|HC|  |TAMS 0x000000060e600000, 0x000000060e400000| Complete 
|   4|0x000000060e600000, 0x000000060e800000, 0x000000060e800000|100%|HS|  |TAMS 0x000000060e600000, 0x000000060e600000| Complete 
|   5|0x000000060e800000, 0x000000060e817c00, 0x000000060ea00000|  4%| O|  |TAMS 0x000000060e817c00, 0x000000060e800000| Untracked 
|   6|0x000000060ea00000, 0x000000060ea00000, 0x000000060ec00000|  0%| F|  |TAMS 0x000000060ea00000, 0x000000060ea00000| Untracked 
|   7|0x000000060ec00000, 0x000000060ec00000, 0x000000060ee00000|  0%| F|  |TAMS 0x000000060ec00000, 0x000000060ec00000| Untracked 
|   8|0x000000060ee00000, 0x000000060ee00000, 0x000000060f000000|  0%| F|  |TAMS 0x000000060ee00000, 0x000000060ee00000| Untracked 
|   9|0x000000060f000000, 0x000000060f000000, 0x000000060f200000|  0%| F|  |TAMS 0x000000060f000000, 0x000000060f000000| Untracked 
|  10|0x000000060f200000, 0x000000060f200000, 0x000000060f400000|  0%| F|  |TAMS 0x000000060f200000, 0x000000060f200000| Untracked 
|  11|0x000000060f400000, 0x000000060f400000, 0x000000060f600000|  0%| F|  |TAMS 0x000000060f400000, 0x000000060f400000| Untracked 
|  12|0x000000060f600000, 0x000000060f600000, 0x000000060f800000|  0%| F|  |TAMS 0x000000060f600000, 0x000000060f600000| Untracked 
|  13|0x000000060f800000, 0x000000060f800000, 0x000000060fa00000|  0%| F|  |TAMS 0x000000060f800000, 0x000000060f800000| Untracked 
|  14|0x000000060fa00000, 0x000000060fa00000, 0x000000060fc00000|  0%| F|  |TAMS 0x000000060fa00000, 0x000000060fa00000| Untracked 
|  15|0x000000060fc00000, 0x000000060fc00000, 0x000000060fe00000|  0%| F|  |TAMS 0x000000060fc00000, 0x000000060fc00000| Untracked 
|  16|0x000000060fe00000, 0x000000060fe00000, 0x0000000610000000|  0%| F|  |TAMS 0x000000060fe00000, 0x000000060fe00000| Untracked 
|  17|0x0000000610000000, 0x0000000610000000, 0x0000000610200000|  0%| F|  |TAMS 0x0000000610000000, 0x0000000610000000| Untracked 
|  18|0x0000000610200000, 0x0000000610200000, 0x0000000610400000|  0%| F|  |TAMS 0x0000000610200000, 0x0000000610200000| Untracked 
|  19|0x0000000610400000, 0x0000000610400000, 0x0000000610600000|  0%| F|  |TAMS 0x0000000610400000, 0x0000000610400000| Untracked 
|  20|0x0000000610600000, 0x0000000610600000, 0x0000000610800000|  0%| F|  |TAMS 0x0000000610600000, 0x0000000610600000| Untracked 
|  21|0x0000000610800000, 0x0000000610800000, 0x0000000610a00000|  0%| F|  |TAMS 0x0000000610800000, 0x0000000610800000| Untracked 
|  22|0x0000000610a00000, 0x0000000610a00000, 0x0000000610c00000|  0%| F|  |TAMS 0x0000000610a00000, 0x0000000610a00000| Untracked 
|  23|0x0000000610c00000, 0x0000000610c00000, 0x0000000610e00000|  0%| F|  |TAMS 0x0000000610c00000, 0x0000000610c00000| Untracked 
|  24|0x0000000610e00000, 0x0000000610e00000, 0x0000000611000000|  0%| F|  |TAMS 0x0000000610e00000, 0x0000000610e00000| Untracked 
|  25|0x0000000611000000, 0x0000000611000000, 0x0000000611200000|  0%| F|  |TAMS 0x0000000611000000, 0x0000000611000000| Untracked 
|  26|0x0000000611200000, 0x0000000611200000, 0x0000000611400000|  0%| F|  |TAMS 0x0000000611200000, 0x0000000611200000| Untracked 
|  27|0x0000000611400000, 0x0000000611400000, 0x0000000611600000|  0%| F|  |TAMS 0x0000000611400000, 0x0000000611400000| Untracked 
|  28|0x0000000611600000, 0x0000000611600000, 0x0000000611800000|  0%| F|  |TAMS 0x0000000611600000, 0x0000000611600000| Untracked 
|  29|0x0000000611800000, 0x0000000611800000, 0x0000000611a00000|  0%| F|  |TAMS 0x0000000611800000, 0x0000000611800000| Untracked 
|  30|0x0000000611a00000, 0x0000000611a00000, 0x0000000611c00000|  0%| F|  |TAMS 0x0000000611a00000, 0x0000000611a00000| Untracked 
|  31|0x0000000611c00000, 0x0000000611c00000, 0x0000000611e00000|  0%| F|  |TAMS 0x0000000611c00000, 0x0000000611c00000| Untracked 
|  32|0x0000000611e00000, 0x0000000611e00000, 0x0000000612000000|  0%| F|  |TAMS 0x0000000611e00000, 0x0000000611e00000| Untracked 
|  33|0x0000000612000000, 0x0000000612000000, 0x0000000612200000|  0%| F|  |TAMS 0x0000000612000000, 0x0000000612000000| Untracked 
|  34|0x0000000612200000, 0x0000000612200000, 0x0000000612400000|  0%| F|  |TAMS 0x0000000612200000, 0x0000000612200000| Untracked 
|  35|0x0000000612400000, 0x0000000612400000, 0x0000000612600000|  0%| F|  |TAMS 0x0000000612400000, 0x0000000612400000| Untracked 
|  36|0x0000000612600000, 0x0000000612600000, 0x0000000612800000|  0%| F|  |TAMS 0x0000000612600000, 0x0000000612600000| Untracked 
|  37|0x0000000612800000, 0x0000000612800000, 0x0000000612a00000|  0%| F|  |TAMS 0x0000000612800000, 0x0000000612800000| Untracked 
|  38|0x0000000612a00000, 0x0000000612a00000, 0x0000000612c00000|  0%| F|  |TAMS 0x0000000612a00000, 0x0000000612a00000| Untracked 
|  39|0x0000000612c00000, 0x0000000612c00000, 0x0000000612e00000|  0%| F|  |TAMS 0x0000000612c00000, 0x0000000612c00000| Untracked 
|  40|0x0000000612e00000, 0x0000000612e00000, 0x0000000613000000|  0%| F|  |TAMS 0x0000000612e00000, 0x0000000612e00000| Untracked 
|  41|0x0000000613000000, 0x0000000613000000, 0x0000000613200000|  0%| F|  |TAMS 0x0000000613000000, 0x0000000613000000| Untracked 
|  42|0x0000000613200000, 0x0000000613200000, 0x0000000613400000|  0%| F|  |TAMS 0x0000000613200000, 0x0000000613200000| Untracked 
|  43|0x0000000613400000, 0x0000000613400000, 0x0000000613600000|  0%| F|  |TAMS 0x0000000613400000, 0x0000000613400000| Untracked 
|  44|0x0000000613600000, 0x0000000613600000, 0x0000000613800000|  0%| F|  |TAMS 0x0000000613600000, 0x0000000613600000| Untracked 
|  45|0x0000000613800000, 0x0000000613800000, 0x0000000613a00000|  0%| F|  |TAMS 0x0000000613800000, 0x0000000613800000| Untracked 
|  46|0x0000000613a00000, 0x0000000613a00000, 0x0000000613c00000|  0%| F|  |TAMS 0x0000000613a00000, 0x0000000613a00000| Untracked 
|  47|0x0000000613c00000, 0x0000000613c00000, 0x0000000613e00000|  0%| F|  |TAMS 0x0000000613c00000, 0x0000000613c00000| Untracked 
|  48|0x0000000613e00000, 0x0000000613e00000, 0x0000000614000000|  0%| F|  |TAMS 0x0000000613e00000, 0x0000000613e00000| Untracked 
|  49|0x0000000614000000, 0x0000000614000000, 0x0000000614200000|  0%| F|  |TAMS 0x0000000614000000, 0x0000000614000000| Untracked 
|  50|0x0000000614200000, 0x0000000614200000, 0x0000000614400000|  0%| F|  |TAMS 0x0000000614200000, 0x0000000614200000| Untracked 
|  51|0x0000000614400000, 0x0000000614400000, 0x0000000614600000|  0%| F|  |TAMS 0x0000000614400000, 0x0000000614400000| Untracked 
|  52|0x0000000614600000, 0x0000000614600000, 0x0000000614800000|  0%| F|  |TAMS 0x0000000614600000, 0x0000000614600000| Untracked 
|  53|0x0000000614800000, 0x0000000614800000, 0x0000000614a00000|  0%| F|  |TAMS 0x0000000614800000, 0x0000000614800000| Untracked 
|  54|0x0000000614a00000, 0x0000000614a00000, 0x0000000614c00000|  0%| F|  |TAMS 0x0000000614a00000, 0x0000000614a00000| Untracked 
|  55|0x0000000614c00000, 0x0000000614c00000, 0x0000000614e00000|  0%| F|  |TAMS 0x0000000614c00000, 0x0000000614c00000| Untracked 
|  56|0x0000000614e00000, 0x0000000614e00000, 0x0000000615000000|  0%| F|  |TAMS 0x0000000614e00000, 0x0000000614e00000| Untracked 
|  57|0x0000000615000000, 0x0000000615000000, 0x0000000615200000|  0%| F|  |TAMS 0x0000000615000000, 0x0000000615000000| Untracked 
|  58|0x0000000615200000, 0x0000000615200000, 0x0000000615400000|  0%| F|  |TAMS 0x0000000615200000, 0x0000000615200000| Untracked 
|  59|0x0000000615400000, 0x0000000615400000, 0x0000000615600000|  0%| F|  |TAMS 0x0000000615400000, 0x0000000615400000| Untracked 
|  60|0x0000000615600000, 0x0000000615600000, 0x0000000615800000|  0%| F|  |TAMS 0x0000000615600000, 0x0000000615600000| Untracked 
|  61|0x0000000615800000, 0x0000000615800000, 0x0000000615a00000|  0%| F|  |TAMS 0x0000000615800000, 0x0000000615800000| Untracked 
|  62|0x0000000615a00000, 0x0000000615a00000, 0x0000000615c00000|  0%| F|  |TAMS 0x0000000615a00000, 0x0000000615a00000| Untracked 
|  63|0x0000000615c00000, 0x0000000615c00000, 0x0000000615e00000|  0%| F|  |TAMS 0x0000000615c00000, 0x0000000615c00000| Untracked 
|  64|0x0000000615e00000, 0x0000000615e00000, 0x0000000616000000|  0%| F|  |TAMS 0x0000000615e00000, 0x0000000615e00000| Untracked 
|  65|0x0000000616000000, 0x0000000616000000, 0x0000000616200000|  0%| F|  |TAMS 0x0000000616000000, 0x0000000616000000| Untracked 
|  66|0x0000000616200000, 0x0000000616200000, 0x0000000616400000|  0%| F|  |TAMS 0x0000000616200000, 0x0000000616200000| Untracked 
|  67|0x0000000616400000, 0x0000000616400000, 0x0000000616600000|  0%| F|  |TAMS 0x0000000616400000, 0x0000000616400000| Untracked 
|  68|0x0000000616600000, 0x0000000616600000, 0x0000000616800000|  0%| F|  |TAMS 0x0000000616600000, 0x0000000616600000| Untracked 
|  69|0x0000000616800000, 0x0000000616800000, 0x0000000616a00000|  0%| F|  |TAMS 0x0000000616800000, 0x0000000616800000| Untracked 
|  70|0x0000000616a00000, 0x0000000616a00000, 0x0000000616c00000|  0%| F|  |TAMS 0x0000000616a00000, 0x0000000616a00000| Untracked 
|  71|0x0000000616c00000, 0x0000000616c00000, 0x0000000616e00000|  0%| F|  |TAMS 0x0000000616c00000, 0x0000000616c00000| Untracked 
|  72|0x0000000616e00000, 0x0000000616e00000, 0x0000000617000000|  0%| F|  |TAMS 0x0000000616e00000, 0x0000000616e00000| Untracked 
|  73|0x0000000617000000, 0x0000000617000000, 0x0000000617200000|  0%| F|  |TAMS 0x0000000617000000, 0x0000000617000000| Untracked 
|  74|0x0000000617200000, 0x0000000617200000, 0x0000000617400000|  0%| F|  |TAMS 0x0000000617200000, 0x0000000617200000| Untracked 
|  75|0x0000000617400000, 0x0000000617400000, 0x0000000617600000|  0%| F|  |TAMS 0x0000000617400000, 0x0000000617400000| Untracked 
|  76|0x0000000617600000, 0x0000000617600000, 0x0000000617800000|  0%| F|  |TAMS 0x0000000617600000, 0x0000000617600000| Untracked 
|  77|0x0000000617800000, 0x0000000617800000, 0x0000000617a00000|  0%| F|  |TAMS 0x0000000617800000, 0x0000000617800000| Untracked 
|  78|0x0000000617a00000, 0x0000000617a00000, 0x0000000617c00000|  0%| F|  |TAMS 0x0000000617a00000, 0x0000000617a00000| Untracked 
|  79|0x0000000617c00000, 0x0000000617c00000, 0x0000000617e00000|  0%| F|  |TAMS 0x0000000617c00000, 0x0000000617c00000| Untracked 
|  80|0x0000000617e00000, 0x0000000617e00000, 0x0000000618000000|  0%| F|  |TAMS 0x0000000617e00000, 0x0000000617e00000| Untracked 
|  81|0x0000000618000000, 0x0000000618000000, 0x0000000618200000|  0%| F|  |TAMS 0x0000000618000000, 0x0000000618000000| Untracked 
|  82|0x0000000618200000, 0x0000000618200000, 0x0000000618400000|  0%| F|  |TAMS 0x0000000618200000, 0x0000000618200000| Untracked 
|  83|0x0000000618400000, 0x0000000618400000, 0x0000000618600000|  0%| F|  |TAMS 0x0000000618400000, 0x0000000618400000| Untracked 
|  84|0x0000000618600000, 0x0000000618600000, 0x0000000618800000|  0%| F|  |TAMS 0x0000000618600000, 0x0000000618600000| Untracked 
|  85|0x0000000618800000, 0x0000000618800000, 0x0000000618a00000|  0%| F|  |TAMS 0x0000000618800000, 0x0000000618800000| Untracked 
|  86|0x0000000618a00000, 0x0000000618a00000, 0x0000000618c00000|  0%| F|  |TAMS 0x0000000618a00000, 0x0000000618a00000| Untracked 
|  87|0x0000000618c00000, 0x0000000618c00000, 0x0000000618e00000|  0%| F|  |TAMS 0x0000000618c00000, 0x0000000618c00000| Untracked 
|  88|0x0000000618e00000, 0x0000000618e00000, 0x0000000619000000|  0%| F|  |TAMS 0x0000000618e00000, 0x0000000618e00000| Untracked 
|  89|0x0000000619000000, 0x0000000619000000, 0x0000000619200000|  0%| F|  |TAMS 0x0000000619000000, 0x0000000619000000| Untracked 
|  90|0x0000000619200000, 0x0000000619200000, 0x0000000619400000|  0%| F|  |TAMS 0x0000000619200000, 0x0000000619200000| Untracked 
|  91|0x0000000619400000, 0x0000000619400000, 0x0000000619600000|  0%| F|  |TAMS 0x0000000619400000, 0x0000000619400000| Untracked 
|  92|0x0000000619600000, 0x0000000619600000, 0x0000000619800000|  0%| F|  |TAMS 0x0000000619600000, 0x0000000619600000| Untracked 
|  93|0x0000000619800000, 0x0000000619800000, 0x0000000619a00000|  0%| F|  |TAMS 0x0000000619800000, 0x0000000619800000| Untracked 
|  94|0x0000000619a00000, 0x0000000619a00000, 0x0000000619c00000|  0%| F|  |TAMS 0x0000000619a00000, 0x0000000619a00000| Untracked 
|  95|0x0000000619c00000, 0x0000000619c00000, 0x0000000619e00000|  0%| F|  |TAMS 0x0000000619c00000, 0x0000000619c00000| Untracked 
|  96|0x0000000619e00000, 0x0000000619e00000, 0x000000061a000000|  0%| F|  |TAMS 0x0000000619e00000, 0x0000000619e00000| Untracked 
|  97|0x000000061a000000, 0x000000061a000000, 0x000000061a200000|  0%| F|  |TAMS 0x000000061a000000, 0x000000061a000000| Untracked 
|  98|0x000000061a200000, 0x000000061a200000, 0x000000061a400000|  0%| F|  |TAMS 0x000000061a200000, 0x000000061a200000| Untracked 
|  99|0x000000061a400000, 0x000000061a400000, 0x000000061a600000|  0%| F|  |TAMS 0x000000061a400000, 0x000000061a400000| Untracked 
| 100|0x000000061a600000, 0x000000061a600000, 0x000000061a800000|  0%| F|  |TAMS 0x000000061a600000, 0x000000061a600000| Untracked 
| 101|0x000000061a800000, 0x000000061a800000, 0x000000061aa00000|  0%| F|  |TAMS 0x000000061a800000, 0x000000061a800000| Untracked 
| 102|0x000000061aa00000, 0x000000061aa00000, 0x000000061ac00000|  0%| F|  |TAMS 0x000000061aa00000, 0x000000061aa00000| Untracked 
| 103|0x000000061ac00000, 0x000000061ac00000, 0x000000061ae00000|  0%| F|  |TAMS 0x000000061ac00000, 0x000000061ac00000| Untracked 
| 104|0x000000061ae00000, 0x000000061ae00000, 0x000000061b000000|  0%| F|  |TAMS 0x000000061ae00000, 0x000000061ae00000| Untracked 
| 105|0x000000061b000000, 0x000000061b000000, 0x000000061b200000|  0%| F|  |TAMS 0x000000061b000000, 0x000000061b000000| Untracked 
| 106|0x000000061b200000, 0x000000061b200000, 0x000000061b400000|  0%| F|  |TAMS 0x000000061b200000, 0x000000061b200000| Untracked 
| 107|0x000000061b400000, 0x000000061b400000, 0x000000061b600000|  0%| F|  |TAMS 0x000000061b400000, 0x000000061b400000| Untracked 
| 108|0x000000061b600000, 0x000000061b600000, 0x000000061b800000|  0%| F|  |TAMS 0x000000061b600000, 0x000000061b600000| Untracked 
| 109|0x000000061b800000, 0x000000061b800000, 0x000000061ba00000|  0%| F|  |TAMS 0x000000061b800000, 0x000000061b800000| Untracked 
| 110|0x000000061ba00000, 0x000000061ba00000, 0x000000061bc00000|  0%| F|  |TAMS 0x000000061ba00000, 0x000000061ba00000| Untracked 
| 111|0x000000061bc00000, 0x000000061bc00000, 0x000000061be00000|  0%| F|  |TAMS 0x000000061bc00000, 0x000000061bc00000| Untracked 
| 112|0x000000061be00000, 0x000000061be00000, 0x000000061c000000|  0%| F|  |TAMS 0x000000061be00000, 0x000000061be00000| Untracked 
| 113|0x000000061c000000, 0x000000061c000000, 0x000000061c200000|  0%| F|  |TAMS 0x000000061c000000, 0x000000061c000000| Untracked 
| 114|0x000000061c200000, 0x000000061c200000, 0x000000061c400000|  0%| F|  |TAMS 0x000000061c200000, 0x000000061c200000| Untracked 
| 115|0x000000061c400000, 0x000000061c400000, 0x000000061c600000|  0%| F|  |TAMS 0x000000061c400000, 0x000000061c400000| Untracked 
| 116|0x000000061c600000, 0x000000061c600000, 0x000000061c800000|  0%| F|  |TAMS 0x000000061c600000, 0x000000061c600000| Untracked 
| 117|0x000000061c800000, 0x000000061c800000, 0x000000061ca00000|  0%| F|  |TAMS 0x000000061c800000, 0x000000061c800000| Untracked 
| 118|0x000000061ca00000, 0x000000061ca00000, 0x000000061cc00000|  0%| F|  |TAMS 0x000000061ca00000, 0x000000061ca00000| Untracked 
| 119|0x000000061cc00000, 0x000000061cc00000, 0x000000061ce00000|  0%| F|  |TAMS 0x000000061cc00000, 0x000000061cc00000| Untracked 
| 120|0x000000061ce00000, 0x000000061ce00000, 0x000000061d000000|  0%| F|  |TAMS 0x000000061ce00000, 0x000000061ce00000| Untracked 
| 121|0x000000061d000000, 0x000000061d000000, 0x000000061d200000|  0%| F|  |TAMS 0x000000061d000000, 0x000000061d000000| Untracked 
| 122|0x000000061d200000, 0x000000061d200000, 0x000000061d400000|  0%| F|  |TAMS 0x000000061d200000, 0x000000061d200000| Untracked 
| 123|0x000000061d400000, 0x000000061d400000, 0x000000061d600000|  0%| F|  |TAMS 0x000000061d400000, 0x000000061d400000| Untracked 
| 124|0x000000061d600000, 0x000000061d600000, 0x000000061d800000|  0%| F|  |TAMS 0x000000061d600000, 0x000000061d600000| Untracked 
| 125|0x000000061d800000, 0x000000061d800000, 0x000000061da00000|  0%| F|  |TAMS 0x000000061d800000, 0x000000061d800000| Untracked 
| 126|0x000000061da00000, 0x000000061da00000, 0x000000061dc00000|  0%| F|  |TAMS 0x000000061da00000, 0x000000061da00000| Untracked 
| 127|0x000000061dc00000, 0x000000061dc00000, 0x000000061de00000|  0%| F|  |TAMS 0x000000061dc00000, 0x000000061dc00000| Untracked 
| 128|0x000000061de00000, 0x000000061de00000, 0x000000061e000000|  0%| F|  |TAMS 0x000000061de00000, 0x000000061de00000| Untracked 
| 129|0x000000061e000000, 0x000000061e000000, 0x000000061e200000|  0%| F|  |TAMS 0x000000061e000000, 0x000000061e000000| Untracked 
| 130|0x000000061e200000, 0x000000061e200000, 0x000000061e400000|  0%| F|  |TAMS 0x000000061e200000, 0x000000061e200000| Untracked 
| 131|0x000000061e400000, 0x000000061e400000, 0x000000061e600000|  0%| F|  |TAMS 0x000000061e400000, 0x000000061e400000| Untracked 
| 132|0x000000061e600000, 0x000000061e600000, 0x000000061e800000|  0%| F|  |TAMS 0x000000061e600000, 0x000000061e600000| Untracked 
| 133|0x000000061e800000, 0x000000061e800000, 0x000000061ea00000|  0%| F|  |TAMS 0x000000061e800000, 0x000000061e800000| Untracked 
| 134|0x000000061ea00000, 0x000000061ea00000, 0x000000061ec00000|  0%| F|  |TAMS 0x000000061ea00000, 0x000000061ea00000| Untracked 
| 135|0x000000061ec00000, 0x000000061ec00000, 0x000000061ee00000|  0%| F|  |TAMS 0x000000061ec00000, 0x000000061ec00000| Untracked 
| 136|0x000000061ee00000, 0x000000061ee00000, 0x000000061f000000|  0%| F|  |TAMS 0x000000061ee00000, 0x000000061ee00000| Untracked 
| 137|0x000000061f000000, 0x000000061f000000, 0x000000061f200000|  0%| F|  |TAMS 0x000000061f000000, 0x000000061f000000| Untracked 
| 138|0x000000061f200000, 0x000000061f200000, 0x000000061f400000|  0%| F|  |TAMS 0x000000061f200000, 0x000000061f200000| Untracked 
| 139|0x000000061f400000, 0x000000061f400000, 0x000000061f600000|  0%| F|  |TAMS 0x000000061f400000, 0x000000061f400000| Untracked 
| 140|0x000000061f600000, 0x000000061f600000, 0x000000061f800000|  0%| F|  |TAMS 0x000000061f600000, 0x000000061f600000| Untracked 
| 141|0x000000061f800000, 0x000000061f800000, 0x000000061fa00000|  0%| F|  |TAMS 0x000000061f800000, 0x000000061f800000| Untracked 
| 142|0x000000061fa00000, 0x000000061fa00000, 0x000000061fc00000|  0%| F|  |TAMS 0x000000061fa00000, 0x000000061fa00000| Untracked 
| 143|0x000000061fc00000, 0x000000061fc00000, 0x000000061fe00000|  0%| F|  |TAMS 0x000000061fc00000, 0x000000061fc00000| Untracked 
| 144|0x000000061fe00000, 0x000000061fe00000, 0x0000000620000000|  0%| F|  |TAMS 0x000000061fe00000, 0x000000061fe00000| Untracked 
| 145|0x0000000620000000, 0x0000000620000000, 0x0000000620200000|  0%| F|  |TAMS 0x0000000620000000, 0x0000000620000000| Untracked 
| 146|0x0000000620200000, 0x0000000620200000, 0x0000000620400000|  0%| F|  |TAMS 0x0000000620200000, 0x0000000620200000| Untracked 
| 147|0x0000000620400000, 0x0000000620400000, 0x0000000620600000|  0%| F|  |TAMS 0x0000000620400000, 0x0000000620400000| Untracked 
| 148|0x0000000620600000, 0x0000000620600000, 0x0000000620800000|  0%| F|  |TAMS 0x0000000620600000, 0x0000000620600000| Untracked 
| 149|0x0000000620800000, 0x0000000620800000, 0x0000000620a00000|  0%| F|  |TAMS 0x0000000620800000, 0x0000000620800000| Untracked 
| 150|0x0000000620a00000, 0x0000000620a00000, 0x0000000620c00000|  0%| F|  |TAMS 0x0000000620a00000, 0x0000000620a00000| Untracked 
| 151|0x0000000620c00000, 0x0000000620c00000, 0x0000000620e00000|  0%| F|  |TAMS 0x0000000620c00000, 0x0000000620c00000| Untracked 
| 152|0x0000000620e00000, 0x0000000620e00000, 0x0000000621000000|  0%| F|  |TAMS 0x0000000620e00000, 0x0000000620e00000| Untracked 
| 153|0x0000000621000000, 0x0000000621000000, 0x0000000621200000|  0%| F|  |TAMS 0x0000000621000000, 0x0000000621000000| Untracked 
| 154|0x0000000621200000, 0x0000000621200000, 0x0000000621400000|  0%| F|  |TAMS 0x0000000621200000, 0x0000000621200000| Untracked 
| 155|0x0000000621400000, 0x0000000621400000, 0x0000000621600000|  0%| F|  |TAMS 0x0000000621400000, 0x0000000621400000| Untracked 
| 156|0x0000000621600000, 0x0000000621600000, 0x0000000621800000|  0%| F|  |TAMS 0x0000000621600000, 0x0000000621600000| Untracked 
| 157|0x0000000621800000, 0x0000000621800000, 0x0000000621a00000|  0%| F|  |TAMS 0x0000000621800000, 0x0000000621800000| Untracked 
| 158|0x0000000621a00000, 0x0000000621a00000, 0x0000000621c00000|  0%| F|  |TAMS 0x0000000621a00000, 0x0000000621a00000| Untracked 
| 159|0x0000000621c00000, 0x0000000621c00000, 0x0000000621e00000|  0%| F|  |TAMS 0x0000000621c00000, 0x0000000621c00000| Untracked 
| 160|0x0000000621e00000, 0x0000000621e00000, 0x0000000622000000|  0%| F|  |TAMS 0x0000000621e00000, 0x0000000621e00000| Untracked 
| 161|0x0000000622000000, 0x0000000622000000, 0x0000000622200000|  0%| F|  |TAMS 0x0000000622000000, 0x0000000622000000| Untracked 
| 162|0x0000000622200000, 0x0000000622200000, 0x0000000622400000|  0%| F|  |TAMS 0x0000000622200000, 0x0000000622200000| Untracked 
| 163|0x0000000622400000, 0x0000000622400000, 0x0000000622600000|  0%| F|  |TAMS 0x0000000622400000, 0x0000000622400000| Untracked 
| 164|0x0000000622600000, 0x0000000622600000, 0x0000000622800000|  0%| F|  |TAMS 0x0000000622600000, 0x0000000622600000| Untracked 
| 165|0x0000000622800000, 0x0000000622800000, 0x0000000622a00000|  0%| F|  |TAMS 0x0000000622800000, 0x0000000622800000| Untracked 
| 166|0x0000000622a00000, 0x0000000622a00000, 0x0000000622c00000|  0%| F|  |TAMS 0x0000000622a00000, 0x0000000622a00000| Untracked 
| 167|0x0000000622c00000, 0x0000000622c00000, 0x0000000622e00000|  0%| F|  |TAMS 0x0000000622c00000, 0x0000000622c00000| Untracked 
| 168|0x0000000622e00000, 0x0000000622e00000, 0x0000000623000000|  0%| F|  |TAMS 0x0000000622e00000, 0x0000000622e00000| Untracked 
| 169|0x0000000623000000, 0x0000000623000000, 0x0000000623200000|  0%| F|  |TAMS 0x0000000623000000, 0x0000000623000000| Untracked 
| 170|0x0000000623200000, 0x0000000623200000, 0x0000000623400000|  0%| F|  |TAMS 0x0000000623200000, 0x0000000623200000| Untracked 
| 171|0x0000000623400000, 0x0000000623400000, 0x0000000623600000|  0%| F|  |TAMS 0x0000000623400000, 0x0000000623400000| Untracked 
| 172|0x0000000623600000, 0x0000000623600000, 0x0000000623800000|  0%| F|  |TAMS 0x0000000623600000, 0x0000000623600000| Untracked 
| 173|0x0000000623800000, 0x0000000623800000, 0x0000000623a00000|  0%| F|  |TAMS 0x0000000623800000, 0x0000000623800000| Untracked 
| 174|0x0000000623a00000, 0x0000000623a00000, 0x0000000623c00000|  0%| F|  |TAMS 0x0000000623a00000, 0x0000000623a00000| Untracked 
| 175|0x0000000623c00000, 0x0000000623c00000, 0x0000000623e00000|  0%| F|  |TAMS 0x0000000623c00000, 0x0000000623c00000| Untracked 
| 176|0x0000000623e00000, 0x0000000623e00000, 0x0000000624000000|  0%| F|  |TAMS 0x0000000623e00000, 0x0000000623e00000| Untracked 
| 177|0x0000000624000000, 0x0000000624000000, 0x0000000624200000|  0%| F|  |TAMS 0x0000000624000000, 0x0000000624000000| Untracked 
| 178|0x0000000624200000, 0x0000000624200000, 0x0000000624400000|  0%| F|  |TAMS 0x0000000624200000, 0x0000000624200000| Untracked 
| 179|0x0000000624400000, 0x0000000624400000, 0x0000000624600000|  0%| F|  |TAMS 0x0000000624400000, 0x0000000624400000| Untracked 
| 180|0x0000000624600000, 0x0000000624600000, 0x0000000624800000|  0%| F|  |TAMS 0x0000000624600000, 0x0000000624600000| Untracked 
| 181|0x0000000624800000, 0x0000000624800000, 0x0000000624a00000|  0%| F|  |TAMS 0x0000000624800000, 0x0000000624800000| Untracked 
| 182|0x0000000624a00000, 0x0000000624a00000, 0x0000000624c00000|  0%| F|  |TAMS 0x0000000624a00000, 0x0000000624a00000| Untracked 
| 183|0x0000000624c00000, 0x0000000624c00000, 0x0000000624e00000|  0%| F|  |TAMS 0x0000000624c00000, 0x0000000624c00000| Untracked 
| 184|0x0000000624e00000, 0x0000000624e00000, 0x0000000625000000|  0%| F|  |TAMS 0x0000000624e00000, 0x0000000624e00000| Untracked 
| 185|0x0000000625000000, 0x0000000625000000, 0x0000000625200000|  0%| F|  |TAMS 0x0000000625000000, 0x0000000625000000| Untracked 
| 186|0x0000000625200000, 0x0000000625200000, 0x0000000625400000|  0%| F|  |TAMS 0x0000000625200000, 0x0000000625200000| Untracked 
| 187|0x0000000625400000, 0x0000000625400000, 0x0000000625600000|  0%| F|  |TAMS 0x0000000625400000, 0x0000000625400000| Untracked 
| 188|0x0000000625600000, 0x0000000625600000, 0x0000000625800000|  0%| F|  |TAMS 0x0000000625600000, 0x0000000625600000| Untracked 
| 189|0x0000000625800000, 0x0000000625800000, 0x0000000625a00000|  0%| F|  |TAMS 0x0000000625800000, 0x0000000625800000| Untracked 
| 190|0x0000000625a00000, 0x0000000625a00000, 0x0000000625c00000|  0%| F|  |TAMS 0x0000000625a00000, 0x0000000625a00000| Untracked 
| 191|0x0000000625c00000, 0x0000000625c00000, 0x0000000625e00000|  0%| F|  |TAMS 0x0000000625c00000, 0x0000000625c00000| Untracked 
| 192|0x0000000625e00000, 0x0000000625e00000, 0x0000000626000000|  0%| F|  |TAMS 0x0000000625e00000, 0x0000000625e00000| Untracked 
| 193|0x0000000626000000, 0x0000000626000000, 0x0000000626200000|  0%| F|  |TAMS 0x0000000626000000, 0x0000000626000000| Untracked 
| 194|0x0000000626200000, 0x0000000626200000, 0x0000000626400000|  0%| F|  |TAMS 0x0000000626200000, 0x0000000626200000| Untracked 
| 195|0x0000000626400000, 0x0000000626400000, 0x0000000626600000|  0%| F|  |TAMS 0x0000000626400000, 0x0000000626400000| Untracked 
| 196|0x0000000626600000, 0x0000000626600000, 0x0000000626800000|  0%| F|  |TAMS 0x0000000626600000, 0x0000000626600000| Untracked 
| 197|0x0000000626800000, 0x0000000626800000, 0x0000000626a00000|  0%| F|  |TAMS 0x0000000626800000, 0x0000000626800000| Untracked 
| 198|0x0000000626a00000, 0x0000000626c00000, 0x0000000626c00000|100%| S|CS|TAMS 0x0000000626a00000, 0x0000000626a00000| Complete 
| 199|0x0000000626c00000, 0x0000000626e00000, 0x0000000626e00000|100%| S|CS|TAMS 0x0000000626c00000, 0x0000000626c00000| Complete 
| 200|0x0000000626e00000, 0x0000000627000000, 0x0000000627000000|100%| S|CS|TAMS 0x0000000626e00000, 0x0000000626e00000| Complete 
| 201|0x0000000627000000, 0x0000000627200000, 0x0000000627200000|100%| S|CS|TAMS 0x0000000627000000, 0x0000000627000000| Complete 
| 202|0x0000000627200000, 0x0000000627400000, 0x0000000627400000|100%| S|CS|TAMS 0x0000000627200000, 0x0000000627200000| Complete 
| 203|0x0000000627400000, 0x0000000627600000, 0x0000000627600000|100%| S|CS|TAMS 0x0000000627400000, 0x0000000627400000| Complete 
| 204|0x0000000627600000, 0x0000000627800000, 0x0000000627800000|100%| S|CS|TAMS 0x0000000627600000, 0x0000000627600000| Complete 
| 205|0x0000000627800000, 0x0000000627a00000, 0x0000000627a00000|100%| S|CS|TAMS 0x0000000627800000, 0x0000000627800000| Complete 
| 206|0x0000000627a00000, 0x0000000627a00000, 0x0000000627c00000|  0%| F|  |TAMS 0x0000000627a00000, 0x0000000627a00000| Untracked 
| 207|0x0000000627c00000, 0x0000000627c00000, 0x0000000627e00000|  0%| F|  |TAMS 0x0000000627c00000, 0x0000000627c00000| Untracked 
| 208|0x0000000627e00000, 0x0000000627e00000, 0x0000000628000000|  0%| F|  |TAMS 0x0000000627e00000, 0x0000000627e00000| Untracked 
| 209|0x0000000628000000, 0x0000000628000000, 0x0000000628200000|  0%| F|  |TAMS 0x0000000628000000, 0x0000000628000000| Untracked 
| 210|0x0000000628200000, 0x0000000628200000, 0x0000000628400000|  0%| F|  |TAMS 0x0000000628200000, 0x0000000628200000| Untracked 
| 211|0x0000000628400000, 0x0000000628400000, 0x0000000628600000|  0%| F|  |TAMS 0x0000000628400000, 0x0000000628400000| Untracked 
| 212|0x0000000628600000, 0x0000000628600000, 0x0000000628800000|  0%| F|  |TAMS 0x0000000628600000, 0x0000000628600000| Untracked 
| 213|0x0000000628800000, 0x0000000628800000, 0x0000000628a00000|  0%| F|  |TAMS 0x0000000628800000, 0x0000000628800000| Untracked 
| 214|0x0000000628a00000, 0x0000000628a00000, 0x0000000628c00000|  0%| F|  |TAMS 0x0000000628a00000, 0x0000000628a00000| Untracked 
| 215|0x0000000628c00000, 0x0000000628d00800, 0x0000000628e00000| 50%| E|  |TAMS 0x0000000628c00000, 0x0000000628c00000| Complete 
| 216|0x0000000628e00000, 0x0000000629000000, 0x0000000629000000|100%| E|CS|TAMS 0x0000000628e00000, 0x0000000628e00000| Complete 
| 217|0x0000000629000000, 0x0000000629200000, 0x0000000629200000|100%| E|CS|TAMS 0x0000000629000000, 0x0000000629000000| Complete 
| 218|0x0000000629200000, 0x0000000629400000, 0x0000000629400000|100%| E|CS|TAMS 0x0000000629200000, 0x0000000629200000| Complete 
| 219|0x0000000629400000, 0x0000000629600000, 0x0000000629600000|100%| E|CS|TAMS 0x0000000629400000, 0x0000000629400000| Complete 
| 220|0x0000000629600000, 0x0000000629800000, 0x0000000629800000|100%| E|CS|TAMS 0x0000000629600000, 0x0000000629600000| Complete 
| 221|0x0000000629800000, 0x0000000629a00000, 0x0000000629a00000|100%| E|CS|TAMS 0x0000000629800000, 0x0000000629800000| Complete 
| 222|0x0000000629a00000, 0x0000000629c00000, 0x0000000629c00000|100%| E|CS|TAMS 0x0000000629a00000, 0x0000000629a00000| Complete 
| 223|0x0000000629c00000, 0x0000000629e00000, 0x0000000629e00000|100%| E|CS|TAMS 0x0000000629c00000, 0x0000000629c00000| Complete 
| 224|0x0000000629e00000, 0x000000062a000000, 0x000000062a000000|100%| E|CS|TAMS 0x0000000629e00000, 0x0000000629e00000| Complete 
| 225|0x000000062a000000, 0x000000062a200000, 0x000000062a200000|100%| E|CS|TAMS 0x000000062a000000, 0x000000062a000000| Complete 
| 226|0x000000062a200000, 0x000000062a400000, 0x000000062a400000|100%| E|CS|TAMS 0x000000062a200000, 0x000000062a200000| Complete 
| 227|0x000000062a400000, 0x000000062a600000, 0x000000062a600000|100%| E|CS|TAMS 0x000000062a400000, 0x000000062a400000| Complete 
| 228|0x000000062a600000, 0x000000062a800000, 0x000000062a800000|100%| E|CS|TAMS 0x000000062a600000, 0x000000062a600000| Complete 
| 229|0x000000062a800000, 0x000000062aa00000, 0x000000062aa00000|100%| E|CS|TAMS 0x000000062a800000, 0x000000062a800000| Complete 
| 230|0x000000062aa00000, 0x000000062ac00000, 0x000000062ac00000|100%| E|CS|TAMS 0x000000062aa00000, 0x000000062aa00000| Complete 
| 231|0x000000062ac00000, 0x000000062ae00000, 0x000000062ae00000|100%| E|CS|TAMS 0x000000062ac00000, 0x000000062ac00000| Complete 
| 232|0x000000062ae00000, 0x000000062b000000, 0x000000062b000000|100%| E|CS|TAMS 0x000000062ae00000, 0x000000062ae00000| Complete 
| 233|0x000000062b000000, 0x000000062b200000, 0x000000062b200000|100%| E|CS|TAMS 0x000000062b000000, 0x000000062b000000| Complete 
| 234|0x000000062b200000, 0x000000062b400000, 0x000000062b400000|100%| E|CS|TAMS 0x000000062b200000, 0x000000062b200000| Complete 
| 235|0x000000062b400000, 0x000000062b600000, 0x000000062b600000|100%| E|CS|TAMS 0x000000062b400000, 0x000000062b400000| Complete 
| 236|0x000000062b600000, 0x000000062b800000, 0x000000062b800000|100%| E|CS|TAMS 0x000000062b600000, 0x000000062b600000| Complete 
| 237|0x000000062b800000, 0x000000062ba00000, 0x000000062ba00000|100%| E|CS|TAMS 0x000000062b800000, 0x000000062b800000| Complete 
| 238|0x000000062ba00000, 0x000000062bc00000, 0x000000062bc00000|100%| E|CS|TAMS 0x000000062ba00000, 0x000000062ba00000| Complete 
| 239|0x000000062bc00000, 0x000000062be00000, 0x000000062be00000|100%| E|CS|TAMS 0x000000062bc00000, 0x000000062bc00000| Complete 
| 240|0x000000062be00000, 0x000000062c000000, 0x000000062c000000|100%| E|CS|TAMS 0x000000062be00000, 0x000000062be00000| Complete 
| 241|0x000000062c000000, 0x000000062c200000, 0x000000062c200000|100%| E|CS|TAMS 0x000000062c000000, 0x000000062c000000| Complete 
| 242|0x000000062c200000, 0x000000062c400000, 0x000000062c400000|100%| E|CS|TAMS 0x000000062c200000, 0x000000062c200000| Complete 
| 243|0x000000062c400000, 0x000000062c600000, 0x000000062c600000|100%| E|CS|TAMS 0x000000062c400000, 0x000000062c400000| Complete 
| 244|0x000000062c600000, 0x000000062c800000, 0x000000062c800000|100%| E|CS|TAMS 0x000000062c600000, 0x000000062c600000| Complete 
| 245|0x000000062c800000, 0x000000062ca00000, 0x000000062ca00000|100%| E|CS|TAMS 0x000000062c800000, 0x000000062c800000| Complete 
| 246|0x000000062ca00000, 0x000000062cc00000, 0x000000062cc00000|100%| E|CS|TAMS 0x000000062ca00000, 0x000000062ca00000| Complete 
| 247|0x000000062cc00000, 0x000000062ce00000, 0x000000062ce00000|100%| E|CS|TAMS 0x000000062cc00000, 0x000000062cc00000| Complete 
| 248|0x000000062ce00000, 0x000000062d000000, 0x000000062d000000|100%| E|CS|TAMS 0x000000062ce00000, 0x000000062ce00000| Complete 
| 249|0x000000062d000000, 0x000000062d200000, 0x000000062d200000|100%| E|CS|TAMS 0x000000062d000000, 0x000000062d000000| Complete 
|3471|0x00000007bfc00000, 0x00000007bfc48000, 0x00000007bfe00000| 14%|OA|  |TAMS 0x00000007bfc48000, 0x00000007bfc00000| Untracked 
|3472|0x00000007bfe00000, 0x00000007bfe6b000, 0x00000007c0000000| 20%|CA|  |TAMS 0x00000007bfe6b000, 0x00000007bfe00000| Untracked 

Card table byte_map: [0x00007fa0ae0de000,0x00007fa0af06f000] _byte_map_base: 0x00007fa0ab06f000

Marking Bits (Prev, Next): (CMBitMap*) 0x00007fa0cc05a2c8, (CMBitMap*) 0x00007fa0cc05a300
 Prev Bits: [0x00007fa0a54c5000, 0x00007fa0ad14d000)
 Next Bits: [0x00007fa09d83d000, 0x00007fa0a54c5000)

Polling page: 0x00007fa0d3552000

Metaspace:

Usage:
  Non-class:     37.28 MB capacity,    36.87 MB ( 99%) used,   346.40 KB ( <1%) free+waste,    68.94 KB ( <1%) overhead. 
      Class:      5.22 MB capacity,     5.02 MB ( 96%) used,   179.69 KB (  3%) free+waste,    30.94 KB ( <1%) overhead. 
       Both:     42.50 MB capacity,    41.89 MB ( 99%) used,   526.09 KB (  1%) free+waste,    99.88 KB ( <1%) overhead. 

Virtual space:
  Non-class space:       38.00 MB reserved,      37.42 MB ( 98%) committed 
      Class space:        1.00 GB reserved,       5.25 MB ( <1%) committed 
             Both:        1.04 GB reserved,      42.67 MB (  4%) committed 

Chunk freelists:
   Non-Class:  15.00 KB
       Class:  26.00 KB
        Both:  41.00 KB

MaxMetaspaceSize: unlimited
CompressedClassSpaceSize: 1.00 GB
Initial GC threshold: 20.80 MB
Current GC threshold: 59.45 MB
CDS: on

CodeHeap 'non-profiled nmethods': size=119172Kb used=2498Kb max_used=2498Kb free=116673Kb
 bounds [0x00007fa0bc19f000, 0x00007fa0bc41f000, 0x00007fa0c3600000]
CodeHeap 'profiled nmethods': size=119168Kb used=11737Kb max_used=11737Kb free=107430Kb
 bounds [0x00007fa0b4d3f000, 0x00007fa0b58bf000, 0x00007fa0bc19f000]
CodeHeap 'non-nmethods': size=7420Kb used=2961Kb max_used=3035Kb free=4458Kb
 bounds [0x00007fa0b4600000, 0x00007fa0b4910000, 0x00007fa0b4d3f000]
 total_blobs=5475 nmethods=4916 adapters=469
 compilation: enabled
              stopped_count=0, restarted_count=0
 full_count=0

Compilation events (20 events):
Event: 3.079 Thread 0x00007fa06c08d800 4902       1       org.jetbrains.kotlin.load.java.lazy.descriptors.LazyJavaClassDescriptor::getJClass (5 bytes)
Event: 3.079 Thread 0x00007fa0680ad000 4903       3       org.jetbrains.kotlin.builtins.KotlinBuiltIns::classFqNameEquals (51 bytes)
Event: 3.079 Thread 0x00007fa06c08d800 nmethod 4902 0x00007fa0bc40a990 code [0x00007fa0bc40ab40, 0x00007fa0bc40ac10]
Event: 3.080 Thread 0x00007fa0680ad000 nmethod 4903 0x00007fa0b58a1010 code [0x00007fa0b58a1280, 0x00007fa0b58a18b0]
Event: 3.080 Thread 0x00007fa0cc25c800 4904       3       org.jetbrains.kotlin.resolve.scopes.LexicalScopeStorage::variableOrClassDescriptorByName$default (38 bytes)
Event: 3.080 Thread 0x00007fa0cc25c800 nmethod 4904 0x00007fa0b58a1b10 code [0x00007fa0b58a1d00, 0x00007fa0b58a2060]
Event: 3.080 Thread 0x00007fa0cc25c800 4905       3       org.jetbrains.kotlin.resolve.scopes.LexicalScopeStorage::variableOrClassDescriptorByName (68 bytes)
Event: 3.080 Thread 0x00007fa0cc25c800 nmethod 4905 0x00007fa0b58a2210 code [0x00007fa0b58a24a0, 0x00007fa0b58a30b0]
Event: 3.080 Thread 0x00007fa0cc25c800 4906       1       org.jetbrains.kotlin.descriptors.impl.ValueParameterDescriptorImpl::getIndex (5 bytes)
Event: 3.081 Thread 0x00007fa0cc25c800 nmethod 4906 0x00007fa0bc40ac90 code [0x00007fa0bc40ae40, 0x00007fa0bc40af10]
Event: 3.081 Thread 0x00007fa0cc25c800 4907       1       org.jetbrains.kotlin.load.java.lazy.descriptors.LazyJavaScope::getMainScope (5 bytes)
Event: 3.081 Thread 0x00007fa0cc25c800 nmethod 4907 0x00007fa0bc40af90 code [0x00007fa0bc40b140, 0x00007fa0bc40b210]
Event: 3.082 Thread 0x00007fa0cc25c800 4908       3       org.jetbrains.kotlin.name.FqNameUnsafe::toSafe (46 bytes)
Event: 3.082 Thread 0x00007fa0cc25c800 nmethod 4908 0x00007fa0b58a3410 code [0x00007fa0b58a35e0, 0x00007fa0b58a39e0]
Event: 3.084 Thread 0x00007fa0cc25c800 4909       3       kotlin.jvm.internal.ArrayIteratorKt::iterator (18 bytes)
Event: 3.085 Thread 0x00007fa0cc25c800 nmethod 4909 0x00007fa0b58a3b10 code [0x00007fa0b58a3dc0, 0x00007fa0b58a4990]
Event: 3.085 Thread 0x00007fa0680ae800 4910       1       org.jetbrains.kotlin.load.java.typeEnhancement.JavaTypeQualifiers::isNullabilityQualifierForWarning (5 bytes)
Event: 3.085 Thread 0x00007fa0680ae800 nmethod 4910 0x00007fa0bc40b290 code [0x00007fa0bc40b440, 0x00007fa0bc40b510]
Event: 3.085 Thread 0x00007fa06c08d800 4911       1       org.jetbrains.kotlin.types.NullableSimpleType::isMarkedNullable (2 bytes)
Event: 3.085 Thread 0x00007fa06c08d800 nmethod 4911 0x00007fa0bc40b590 code [0x00007fa0bc40b740, 0x00007fa0bc40b810]

GC Heap History (6 events):
Event: 0.171 GC heap before
{Heap before GC invocations=0 (full 0):
 garbage-first heap   total 516096K, used 27340K [0x000000060de00000, 0x0000000800000000)
  region size 2048K, 12 young (24576K), 0 survivors (0K)
 Metaspace       used 6429K, capacity 9597K, committed 9728K, reserved 1058816K
  class space    used 640K, capacity 942K, committed 1024K, reserved 1048576K
}
Event: 0.180 GC heap after
{Heap after GC invocations=1 (full 0):
 garbage-first heap   total 516096K, used 7126K [0x000000060de00000, 0x0000000800000000)
  region size 2048K, 2 young (4096K), 2 survivors (4096K)
 Metaspace       used 6429K, capacity 9597K, committed 9728K, reserved 1058816K
  class space    used 640K, capacity 942K, committed 1024K, reserved 1048576K
}
Event: 0.728 GC heap before
{Heap before GC invocations=1 (full 0):
 garbage-first heap   total 516096K, used 68566K [0x000000060de00000, 0x0000000800000000)
  region size 2048K, 31 young (63488K), 2 survivors (4096K)
 Metaspace       used 19977K, capacity 21013K, committed 21248K, reserved 1069056K
  class space    used 2261K, capacity 2449K, committed 2560K, reserved 1048576K
}
Event: 0.755 GC heap after
{Heap after GC invocations=2 (full 0):
 garbage-first heap   total 516096K, used 16300K [0x000000060de00000, 0x0000000800000000)
  region size 2048K, 4 young (8192K), 4 survivors (8192K)
 Metaspace       used 19977K, capacity 21013K, committed 21248K, reserved 1069056K
  class space    used 2261K, capacity 2449K, committed 2560K, reserved 1048576K
}
Event: 2.114 GC heap before
{Heap before GC invocations=3 (full 0):
 garbage-first heap   total 516096K, used 98220K [0x000000060de00000, 0x0000000800000000)
  region size 2048K, 44 young (90112K), 4 survivors (8192K)
 Metaspace       used 35361K, capacity 36035K, committed 36268K, reserved 1081344K
  class space    used 4391K, capacity 4574K, committed 4608K, reserved 1048576K
}
Event: 2.138 GC heap after
{Heap after GC invocations=4 (full 0):
 garbage-first heap   total 516096K, used 25387K [0x000000060de00000, 0x0000000800000000)
  region size 2048K, 8 young (16384K), 8 survivors (16384K)
 Metaspace       used 35361K, capacity 36035K, committed 36268K, reserved 1081344K
  class space    used 4391K, capacity 4574K, committed 4608K, reserved 1048576K
}

Deoptimization events (20 events):
Event: 3.068 Thread 0x00007fa0cc016000 Uncommon trap: trap_request=0xffffffde fr.pc=0x00007fa0bc314c90 relative=0x0000000000001a30
Event: 3.068 Thread 0x00007fa0cc016000 Uncommon trap: reason=class_check action=maybe_recompile pc=0x00007fa0bc314c90 method=org.jetbrains.kotlin.com.intellij.lang.impl.PsiBuilderImpl.getTokenText()Ljava/lang/String; @ 53 c2
Event: 3.068 Thread 0x00007fa0cc016000 DEOPT PACKING pc=0x00007fa0bc314c90 sp=0x00007fa0d31f97b0
Event: 3.068 Thread 0x00007fa0cc016000 DEOPT UNPACKING pc=0x00007fa0b4649ea5 sp=0x00007fa0d31f9658 mode 2
Event: 3.074 Thread 0x00007fa0cc016000 Uncommon trap: trap_request=0xffffffde fr.pc=0x00007fa0bc314c90 relative=0x0000000000001a30
Event: 3.074 Thread 0x00007fa0cc016000 Uncommon trap: reason=class_check action=maybe_recompile pc=0x00007fa0bc314c90 method=org.jetbrains.kotlin.com.intellij.lang.impl.PsiBuilderImpl.getTokenText()Ljava/lang/String; @ 53 c2
Event: 3.074 Thread 0x00007fa0cc016000 DEOPT PACKING pc=0x00007fa0bc314c90 sp=0x00007fa0d31f8d60
Event: 3.074 Thread 0x00007fa0cc016000 DEOPT UNPACKING pc=0x00007fa0b4649ea5 sp=0x00007fa0d31f8c08 mode 2
Event: 3.074 Thread 0x00007fa0cc016000 Uncommon trap: trap_request=0xffffffde fr.pc=0x00007fa0bc314c90 relative=0x0000000000001a30
Event: 3.074 Thread 0x00007fa0cc016000 Uncommon trap: reason=class_check action=maybe_recompile pc=0x00007fa0bc314c90 method=org.jetbrains.kotlin.com.intellij.lang.impl.PsiBuilderImpl.getTokenText()Ljava/lang/String; @ 53 c2
Event: 3.074 Thread 0x00007fa0cc016000 DEOPT PACKING pc=0x00007fa0bc314c90 sp=0x00007fa0d31f8d60
Event: 3.074 Thread 0x00007fa0cc016000 DEOPT UNPACKING pc=0x00007fa0b4649ea5 sp=0x00007fa0d31f8c08 mode 2
Event: 3.074 Thread 0x00007fa0cc016000 Uncommon trap: trap_request=0xffffff4d fr.pc=0x00007fa0bc2e96d0 relative=0x0000000000000090
Event: 3.074 Thread 0x00007fa0cc016000 Uncommon trap: reason=unstable_if action=reinterpret pc=0x00007fa0bc2e96d0 method=org.jetbrains.kotlin.parsing.AbstractKotlinParsing.tokenMatches(Lorg/jetbrains/kotlin/com/intellij/psi/tree/IElementType;Lorg/jetbrains/kotlin/com/intellij/psi/tree/IElement
Event: 3.074 Thread 0x00007fa0cc016000 DEOPT PACKING pc=0x00007fa0bc2e96d0 sp=0x00007fa0d31f8140
Event: 3.074 Thread 0x00007fa0cc016000 DEOPT UNPACKING pc=0x00007fa0b4649ea5 sp=0x00007fa0d31f8080 mode 2
Event: 3.074 Thread 0x00007fa0cc016000 Uncommon trap: trap_request=0xffffff4d fr.pc=0x00007fa0bc2e9a24 relative=0x0000000000000084
Event: 3.074 Thread 0x00007fa0cc016000 Uncommon trap: reason=unstable_if action=reinterpret pc=0x00007fa0bc2e9a24 method=org.jetbrains.kotlin.parsing.AbstractKotlinParsing.tokenMatches(Lorg/jetbrains/kotlin/com/intellij/psi/tree/IElementType;Lorg/jetbrains/kotlin/com/intellij/psi/tree/IElement
Event: 3.074 Thread 0x00007fa0cc016000 DEOPT PACKING pc=0x00007fa0bc2e9a24 sp=0x00007fa0d31f5450
Event: 3.074 Thread 0x00007fa0cc016000 DEOPT UNPACKING pc=0x00007fa0b4649ea5 sp=0x00007fa0d31f5408 mode 2

Classes redefined (0 events):
No events

Internal exceptions (20 events):
Event: 0.464 Thread 0x00007fa0cc016000 Exception <a 'java/lang/NoSuchMethodError'{0x000000062a4e98f0}: 'int java.lang.invoke.DirectMethodHandle$Holder.invokeStaticInit(java.lang.Object, java.lang.Object, java.lang.Object)'> (0x000000062a4e98f0) thrown at [./src/hotspot/share/interpreter/linkResolver.cpp, line 772]
Event: 0.465 Thread 0x00007fa0cc016000 Exception <a 'java/lang/NoSuchMethodError'{0x000000062a515a88}: 'int java.lang.invoke.DirectMethodHandle$Holder.invokeStaticInit(java.lang.Object, java.lang.Object)'> (0x000000062a515a88) thrown at [./src/hotspot/share/interpreter/linkResolver.cpp, line 772]
Event: 0.482 Thread 0x00007fa0cc016000 Exception <a 'java/lang/NoSuchMethodError'{0x000000062a329a48}: 'void java.lang.invoke.DirectMethodHandle$Holder.invokeSpecial(java.lang.Object, java.lang.Object)'> (0x000000062a329a48) thrown at [./src/hotspot/share/interpreter/linkResolver.cpp, line 772]
Event: 0.560 Thread 0x00007fa0cc016000 Exception <a 'java/lang/NoSuchMethodError'{0x0000000629af8190}: 'java.lang.Object java.lang.invoke.DirectMethodHandle$Holder.invokeStatic(java.lang.Object, java.lang.Object, java.lang.Object, java.lang.Object, java.lang.Object, java.lang.Object, java.lang.Object, java.lang.Object, java.lang.Object, java.lang.Object, java.lang.Object, java.lang.Object, java.lang.Object, java.lang.Object, java.lang.Object)'> (0x0000000629af8190) thrown at [./src/hotspot/share/interpreter/linkResolver.cpp, line 772]
Event: 0.561 Thread 0x00007fa0cc016000 Exception <a 'java/lang/NoSuchMethodError'{0x0000000629b064c0}: 'java.lang.Object java.lang.invoke.DirectMethodHandle$Holder.invokeStatic(java.lang.Object, java.lang.Object, java.lang.Object, java.lang.Object, java.lang.Object, java.lang.Object, java.lang.Object, java.lang.Object, java.lang.Object, java.lang.Object, java.lang.Object, java.lang.Object, java.lang.Object, java.lang.Object, java.lang.Object, java.lang.Object)'> (0x0000000629b064c0) thrown at [./src/hotspot/share/interpreter/linkResolver.cpp, l
Event: 0.562 Thread 0x00007fa0cc016000 Exception <a 'java/lang/NoSuchMethodError'{0x0000000629b143d8}: 'java.lang.Object java.lang.invoke.DirectMethodHandle$Holder.invokeSpecial(java.lang.Object, java.lang.Object, int, int, java.lang.Object, java.lang.Object, java.lang.Object)'> (0x0000000629b143d8) thrown at [./src/hotspot/share/interpreter/linkResolver.cpp, line 772]
Event: 0.562 Thread 0x00007fa0cc016000 Exception <a 'java/lang/NoSuchMethodError'{0x0000000629b17c10}: 'java.lang.Object java.lang.invoke.DelegatingMethodHandle$Holder.reinvoke_L(java.lang.Object, int, int, java.lang.Object, java.lang.Object, java.lang.Object)'> (0x0000000629b17c10) thrown at [./src/hotspot/share/interpreter/linkResolver.cpp, line 772]
Event: 0.563 Thread 0x00007fa0cc016000 Exception <a 'java/lang/NoSuchMethodError'{0x0000000629b1bf98}: 'java.lang.Object java.lang.invoke.DirectMethodHandle$Holder.invokeStatic(java.lang.Object, java.lang.Object, java.lang.Object, java.lang.Object, int)'> (0x0000000629b1bf98) thrown at [./src/hotspot/share/interpreter/linkResolver.cpp, line 772]
Event: 0.595 Thread 0x00007fa0cc016000 Exception <a 'sun/nio/fs/UnixException'{0x000000062985e620}> (0x000000062985e620) thrown at [./src/hotspot/share/prims/jni.cpp, line 617]
Event: 0.596 Thread 0x00007fa0cc016000 Exception <a 'java/lang/NoSuchMethodError'{0x0000000629862f28}: 'void java.lang.invoke.DirectMethodHandle$Holder.invokeStatic(java.lang.Object, java.lang.Object, java.lang.Object, java.lang.Object)'> (0x0000000629862f28) thrown at [./src/hotspot/share/interpreter/linkResolver.cpp, line 772]
Event: 0.688 Thread 0x00007fa0cc016000 Exception <a 'java/lang/NoSuchMethodError'{0x0000000629447a30}: 'void java.lang.invoke.DirectMethodHandle$Holder.invokeStaticInit(java.lang.Object, java.lang.Object)'> (0x0000000629447a30) thrown at [./src/hotspot/share/interpreter/linkResolver.cpp, line 772]
Event: 0.840 Thread 0x00007fa0cc016000 Exception <a 'java/lang/NoSuchMethodError'{0x000000062cec76b8}: 'void java.lang.invoke.DirectMethodHandle$Holder.invokeVirtual(java.lang.Object, java.lang.Object)'> (0x000000062cec76b8) thrown at [./src/hotspot/share/interpreter/linkResolver.cpp, line 772]
Event: 0.850 Thread 0x00007fa0cc016000 Exception <a 'java/lang/NoSuchMethodError'{0x000000062cf46728}: 'int java.lang.invoke.DirectMethodHandle$Holder.invokeVirtual(java.lang.Object, java.lang.Object)'> (0x000000062cf46728) thrown at [./src/hotspot/share/interpreter/linkResolver.cpp, line 772]
Event: 1.706 Thread 0x00007fa0cc016000 Exception <a 'java/lang/NoSuchMethodError'{0x000000062a916040}: 'java.lang.Object java.lang.invoke.DirectMethodHandle$Holder.invokeVirtual(java.lang.Object, java.lang.Object, java.lang.Object)'> (0x000000062a916040) thrown at [./src/hotspot/share/interpreter/linkResolver.cpp, line 772]
Event: 2.167 Thread 0x00007fa0cc016000 Exception <a 'java/lang/NoSuchMethodError'{0x000000062d10ba90}: 'java.lang.Object java.lang.invoke.Invokers$Holder.linkToTargetMethod(java.lang.Object, int, java.lang.Object)'> (0x000000062d10ba90) thrown at [./src/hotspot/share/interpreter/linkResolver.cpp, line 772]
Event: 2.419 Thread 0x00007fa0cc016000 Exception <a 'java/lang/NoSuchMethodError'{0x000000062c73e848}: 'java.lang.Object java.lang.invoke.DirectMethodHandle$Holder.invokeStatic(java.lang.Object, java.lang.Object, java.lang.Object, int)'> (0x000000062c73e848) thrown at [./src/hotspot/share/interpreter/linkResolver.cpp, line 772]
Event: 2.420 Thread 0x00007fa0cc016000 Exception <a 'java/lang/NoSuchMethodError'{0x000000062c7424b8}: 'java.lang.Object java.lang.invoke.DirectMethodHandle$Holder.invokeSpecial(java.lang.Object, java.lang.Object, java.lang.Object, java.lang.Object, int)'> (0x000000062c7424b8) thrown at [./src/hotspot/share/interpreter/linkResolver.cpp, line 772]
Event: 2.420 Thread 0x00007fa0cc016000 Exception <a 'java/lang/NoSuchMethodError'{0x000000062c7457c8}: 'java.lang.Object java.lang.invoke.Invokers$Holder.linkToTargetMethod(java.lang.Object, java.lang.Object, int, java.lang.Object)'> (0x000000062c7457c8) thrown at [./src/hotspot/share/interpreter/linkResolver.cpp, line 772]
Event: 3.029 Thread 0x00007fa0cc016000 Exception <a 'java/lang/NoSuchMethodError'{0x0000000628e68088}: 'java.lang.Object java.lang.invoke.DirectMethodHandle$Holder.invokeSpecial(java.lang.Object, java.lang.Object, java.lang.Object, java.lang.Object, java.lang.Object, java.lang.Object, java.lang.Object, java.lang.Object, java.lang.Object)'> (0x0000000628e68088) thrown at [./src/hotspot/share/interpreter/linkResolver.cpp, line 772]
Event: 3.030 Thread 0x00007fa0cc016000 Exception <a 'java/lang/NoSuchMethodError'{0x0000000628e6c280}: 'java.lang.Object java.lang.invoke.Invokers$Holder.linkToTargetMethod(java.lang.Object, java.lang.Object, java.lang.Object, java.lang.Object, java.lang.Object, java.lang.Object, java.lang.Object, java.lang.Object)'> (0x0000000628e6c280) thrown at [./src/hotspot/share/interpreter/linkResolver.cpp, line 772]

Events (20 events):
Event: 3.026 loading class org/jetbrains/kotlin/load/java/descriptors/UtilKt
Event: 3.026 loading class org/jetbrains/kotlin/load/java/descriptors/UtilKt done
Event: 3.028 loading class org/jetbrains/kotlin/psi/KtDeclarationWithBody
Event: 3.028 loading class org/jetbrains/kotlin/psi/KtDeclarationWithBody done
Event: 3.028 loading class org/jetbrains/kotlin/types/KotlinType
Event: 3.028 loading class org/jetbrains/kotlin/types/KotlinType done
Event: 3.028 loading class org/jetbrains/kotlin/resolve/DescriptorResolver
Event: 3.028 loading class org/jetbrains/kotlin/resolve/DescriptorResolver done
Event: 3.033 loading class org/jetbrains/kotlin/load/java/structure/ListBasedJavaAnnotationOwner$DefaultImpls
Event: 3.033 loading class org/jetbrains/kotlin/load/java/structure/ListBasedJavaAnnotationOwner$DefaultImpls done
Event: 3.038 loading class org/jetbrains/kotlin/types/StarProjectionImplKt
Event: 3.038 loading class org/jetbrains/kotlin/types/StarProjectionImplKt done
Event: 3.039 loading class org/jetbrains/kotlin/types/StarProjectionImplKt$buildStarProjectionTypeByTypeParameters$1
Event: 3.039 loading class org/jetbrains/kotlin/types/StarProjectionImplKt$buildStarProjectionTypeByTypeParameters$1 done
Event: 3.039 loading class org/jetbrains/kotlin/types/TypeCapabilitiesKt
Event: 3.039 loading class org/jetbrains/kotlin/types/TypeCapabilitiesKt done
Event: 3.041 loading class org/jetbrains/kotlin/resolve/lazy/descriptors/LazyAnnotationDescriptor$FileDescriptorForVisibilityChecks
Event: 3.041 loading class org/jetbrains/kotlin/resolve/lazy/descriptors/LazyAnnotationDescriptor$FileDescriptorForVisibilityChecks done
Event: 3.064 loading class org/jetbrains/kotlin/load/kotlin/JvmTypeFactoryImpl$WhenMappings
Event: 3.064 loading class org/jetbrains/kotlin/load/kotlin/JvmTypeFactoryImpl$WhenMappings done


Dynamic libraries:
60de00000-62d200000 rw-p 00000000 00:00 0 
62d200000-7bfc00000 ---p 00000000 00:00 0 
7bfc00000-7bfc48000 rw-p 00b0a000 103:02 17828426                        /usr/lib/jvm/java-11-openjdk-amd64/lib/server/classes.jsa
7bfc48000-7bfe00000 rw-p 00000000 00:00 0 
7bfe00000-7bfe6b000 rw-p 00a9f000 103:02 17828426                        /usr/lib/jvm/java-11-openjdk-amd64/lib/server/classes.jsa
7bfe6b000-7c0000000 rw-p 00000000 00:00 0 
7c0000000-800000000 ---p 00000000 00:00 0 
800000000-800002000 rwxp 00001000 103:02 17828426                        /usr/lib/jvm/java-11-openjdk-amd64/lib/server/classes.jsa
800002000-8003cc000 rw-p 00003000 103:02 17828426                        /usr/lib/jvm/java-11-openjdk-amd64/lib/server/classes.jsa
8003cc000-800a9d000 r--p 003cd000 103:02 17828426                        /usr/lib/jvm/java-11-openjdk-amd64/lib/server/classes.jsa
800a9d000-800a9e000 rw-p 00a9e000 103:02 17828426                        /usr/lib/jvm/java-11-openjdk-amd64/lib/server/classes.jsa
840000000-840540000 rw-p 00000000 00:00 0 
840540000-880000000 ---p 00000000 00:00 0 
5594ff478000-5594ff479000 r--p 00000000 103:02 17828847                  /usr/lib/jvm/java-11-openjdk-amd64/bin/java
5594ff479000-5594ff47a000 r-xp 00001000 103:02 17828847                  /usr/lib/jvm/java-11-openjdk-amd64/bin/java
5594ff47a000-5594ff47b000 r--p 00002000 103:02 17828847                  /usr/lib/jvm/java-11-openjdk-amd64/bin/java
5594ff47b000-5594ff47c000 r--p 00002000 103:02 17828847                  /usr/lib/jvm/java-11-openjdk-amd64/bin/java
5594ff47c000-5594ff47d000 rw-p 00003000 103:02 17828847                  /usr/lib/jvm/java-11-openjdk-amd64/bin/java
55950101f000-559501040000 rw-p 00000000 00:00 0                          [heap]
7f9ff8000000-7f9ff8903000 rw-p 00000000 00:00 0 
7f9ff8903000-7f9ffc000000 ---p 00000000 00:00 0 
7fa000000000-7fa001270000 rw-p 00000000 00:00 0 
7fa001270000-7fa004000000 ---p 00000000 00:00 0 
7fa004000000-7fa004a82000 rw-p 00000000 00:00 0 
7fa004a82000-7fa008000000 ---p 00000000 00:00 0 
7fa008000000-7fa008021000 rw-p 00000000 00:00 0 
7fa008021000-7fa00c000000 ---p 00000000 00:00 0 
7fa00c000000-7fa00d4af000 rw-p 00000000 00:00 0 
7fa00d4af000-7fa010000000 ---p 00000000 00:00 0 
7fa010000000-7fa010021000 rw-p 00000000 00:00 0 
7fa010021000-7fa014000000 ---p 00000000 00:00 0 
7fa014000000-7fa014021000 rw-p 00000000 00:00 0 
7fa014021000-7fa018000000 ---p 00000000 00:00 0 
7fa018000000-7fa018021000 rw-p 00000000 00:00 0 
7fa018021000-7fa01c000000 ---p 00000000 00:00 0 
7fa01c000000-7fa01d1a0000 rw-p 00000000 00:00 0 
7fa01d1a0000-7fa020000000 ---p 00000000 00:00 0 
7fa020000000-7fa020021000 rw-p 00000000 00:00 0 
7fa020021000-7fa024000000 ---p 00000000 00:00 0 
7fa024000000-7fa02402a000 rw-p 00000000 00:00 0 
7fa02402a000-7fa028000000 ---p 00000000 00:00 0 
7fa028000000-7fa028021000 rw-p 00000000 00:00 0 
7fa028021000-7fa02c000000 ---p 00000000 00:00 0 
7fa02c000000-7fa02c021000 rw-p 00000000 00:00 0 
7fa02c021000-7fa030000000 ---p 00000000 00:00 0 
7fa031500000-7fa031680000 rw-p 00000000 00:00 0 
7fa031680000-7fa031700000 ---p 00000000 00:00 0 
7fa031700000-7fa031900000 rw-p 00000000 00:00 0 
7fa031900000-7fa031b00000 rw-p 00000000 00:00 0 
7fa031b00000-7fa031ceb000 rw-p 00000000 00:00 0 
7fa031ceb000-7fa031d00000 ---p 00000000 00:00 0 
7fa031d00000-7fa031f00000 rw-p 00000000 00:00 0 
7fa031f00000-7fa032100000 rw-p 00000000 00:00 0 
7fa032100000-7fa032300000 rw-p 00000000 00:00 0 
7fa032300000-7fa032500000 rw-p 00000000 00:00 0 
7fa032500000-7fa032504000 ---p 00000000 00:00 0 
7fa032504000-7fa032600000 rw-p 00000000 00:00 0 
7fa032600000-7fa032604000 ---p 00000000 00:00 0 
7fa032604000-7fa032700000 rw-p 00000000 00:00 0 
7fa032700000-7fa032704000 ---p 00000000 00:00 0 
7fa032704000-7fa032800000 rw-p 00000000 00:00 0 
7fa032800000-7fa032804000 ---p 00000000 00:00 0 
7fa032804000-7fa032b00000 rw-p 00000000 00:00 0 
7fa032b00000-7fa032b01000 ---p 00000000 00:00 0 
7fa032b01000-7fa032c02000 rw-p 00000000 00:00 0 
7fa032c02000-7fa032c03000 ---p 00000000 00:00 0 
7fa032c03000-7fa032d04000 rw-p 00000000 00:00 0 
7fa032d04000-7fa032d05000 ---p 00000000 00:00 0 
7fa032d05000-7fa033006000 rw-p 00000000 00:00 0 
7fa033006000-7fa03300a000 ---p 00000000 00:00 0 
7fa03300a000-7fa0335f8000 rw-p 00000000 00:00 0 
7fa0335f8000-7fa0337f8000 rw-p 00000000 00:00 0 
7fa0337f8000-7fa0339f8000 rw-p 00000000 00:00 0 
7fa0339f8000-7fa033bf8000 rw-p 00000000 00:00 0 
7fa033bf8000-7fa033bf9000 ---p 00000000 00:00 0 
7fa033bf9000-7fa033cfa000 rw-p 00000000 00:00 0 
7fa033cfa000-7fa033cfb000 ---p 00000000 00:00 0 
7fa033cfb000-7fa033dfc000 rw-p 00000000 00:00 0 
7fa033dfc000-7fa033dfd000 ---p 00000000 00:00 0 
7fa033dfd000-7fa033efe000 rw-p 00000000 00:00 0 
7fa033efe000-7fa033eff000 ---p 00000000 00:00 0 
7fa033eff000-7fa034000000 rw-p 00000000 00:00 0 
7fa034000000-7fa034021000 rw-p 00000000 00:00 0 
7fa034021000-7fa038000000 ---p 00000000 00:00 0 
7fa038000000-7fa038021000 rw-p 00000000 00:00 0 
7fa038021000-7fa03c000000 ---p 00000000 00:00 0 
7fa03c000000-7fa03c021000 rw-p 00000000 00:00 0 
7fa03c021000-7fa040000000 ---p 00000000 00:00 0 
7fa040000000-7fa040021000 rw-p 00000000 00:00 0 
7fa040021000-7fa044000000 ---p 00000000 00:00 0 
7fa044000000-7fa044021000 rw-p 00000000 00:00 0 
7fa044021000-7fa048000000 ---p 00000000 00:00 0 
7fa048000000-7fa048021000 rw-p 00000000 00:00 0 
7fa048021000-7fa04c000000 ---p 00000000 00:00 0 
7fa04c000000-7fa04c0cc000 rw-p 00000000 00:00 0 
7fa04c0cc000-7fa050000000 ---p 00000000 00:00 0 
7fa050000000-7fa050364000 rw-p 00000000 00:00 0 
7fa050364000-7fa054000000 ---p 00000000 00:00 0 
7fa054000000-7fa054d5b000 rw-p 00000000 00:00 0 
7fa054d5b000-7fa058000000 ---p 00000000 00:00 0 
7fa058000000-7fa05916d000 rw-p 00000000 00:00 0 
7fa05916d000-7fa05c000000 ---p 00000000 00:00 0 
7fa05c000000-7fa05c021000 rw-p 00000000 00:00 0 
7fa05c021000-7fa060000000 ---p 00000000 00:00 0 
7fa060000000-7fa060021000 rw-p 00000000 00:00 0 
7fa060021000-7fa064000000 ---p 00000000 00:00 0 
7fa064000000-7fa064021000 rw-p 00000000 00:00 0 
7fa064021000-7fa068000000 ---p 00000000 00:00 0 
7fa068000000-7fa068363000 rw-p 00000000 00:00 0 
7fa068363000-7fa06c000000 ---p 00000000 00:00 0 
7fa06c000000-7fa06d03d000 rw-p 00000000 00:00 0 
7fa06d03d000-7fa070000000 ---p 00000000 00:00 0 
7fa070000000-7fa070205000 rw-p 00000000 00:00 0 
7fa070205000-7fa074000000 ---p 00000000 00:00 0 
7fa074000000-7fa074021000 rw-p 00000000 00:00 0 
7fa074021000-7fa078000000 ---p 00000000 00:00 0 
7fa078000000-7fa078021000 rw-p 00000000 00:00 0 
7fa078021000-7fa07c000000 ---p 00000000 00:00 0 
7fa07c000000-7fa07c021000 rw-p 00000000 00:00 0 
7fa07c021000-7fa080000000 ---p 00000000 00:00 0 
7fa080000000-7fa080021000 rw-p 00000000 00:00 0 
7fa080021000-7fa084000000 ---p 00000000 00:00 0 
7fa084000000-7fa084021000 rw-p 00000000 00:00 0 
7fa084021000-7fa088000000 ---p 00000000 00:00 0 
7fa088000000-7fa088021000 rw-p 00000000 00:00 0 
7fa088021000-7fa08c000000 ---p 00000000 00:00 0 
7fa08c000000-7fa08c021000 rw-p 00000000 00:00 0 
7fa08c021000-7fa090000000 ---p 00000000 00:00 0 
7fa090000000-7fa090021000 rw-p 00000000 00:00 0 
7fa090021000-7fa094000000 ---p 00000000 00:00 0 
7fa0940f2000-7fa0940f3000 ---p 00000000 00:00 0 
7fa0940f3000-7fa0941f4000 rw-p 00000000 00:00 0 
7fa0941f4000-7fa0941f5000 ---p 00000000 00:00 0 
7fa0941f5000-7fa0942f6000 rw-p 00000000 00:00 0 
7fa0942f6000-7fa0942f7000 ---p 00000000 00:00 0 
7fa0942f7000-7fa0943f8000 rw-p 00000000 00:00 0 
7fa0943f8000-7fa0943f9000 ---p 00000000 00:00 0 
7fa0943f9000-7fa0944fa000 rw-p 00000000 00:00 0 
7fa0944fa000-7fa0944fb000 ---p 00000000 00:00 0 
7fa0944fb000-7fa0945fc000 rw-p 00000000 00:00 0 
7fa0945fc000-7fa0945fd000 ---p 00000000 00:00 0 
7fa0945fd000-7fa0946fe000 rw-p 00000000 00:00 0 
7fa0946fe000-7fa0946ff000 ---p 00000000 00:00 0 
7fa0946ff000-7fa094a00000 rw-p 00000000 00:00 0 
7fa094a00000-7fa094a04000 ---p 00000000 00:00 0 
7fa094a04000-7fa094b00000 rw-p 00000000 00:00 0 
7fa094b00000-7fa094b04000 ---p 00000000 00:00 0 
7fa094b04000-7fa094c00000 rw-p 00000000 00:00 0 
7fa094c00000-7fa094c03000 r-xp 00000000 103:02 22413364                  /tmp/libjansi-1.6.21-release-334(1.6.21)-9497175906028645709.so
7fa094c03000-7fa094e02000 ---p 00003000 103:02 22413364                  /tmp/libjansi-1.6.21-release-334(1.6.21)-9497175906028645709.so
7fa094e02000-7fa094e03000 rw-p 00002000 103:02 22413364                  /tmp/libjansi-1.6.21-release-334(1.6.21)-9497175906028645709.so
7fa094f00000-7fa094f04000 ---p 00000000 00:00 0 
7fa094f04000-7fa095000000 rw-p 00000000 00:00 0 
7fa095000000-7fa095004000 ---p 00000000 00:00 0 
7fa095004000-7fa095100000 rw-p 00000000 00:00 0 
7fa095100000-7fa095104000 ---p 00000000 00:00 0 
7fa095104000-7fa095200000 rw-p 00000000 00:00 0 
7fa095200000-7fa095fe7000 r--p 00000000 103:02 17831240                  /usr/lib/locale/locale-archive
7fa096000000-7fa098000000 rw-p 00000000 00:00 0 
7fa098000000-7fa098021000 rw-p 00000000 00:00 0 
7fa098021000-7fa09c000000 ---p 00000000 00:00 0 
7fa09c031000-7fa09c032000 ---p 00000000 00:00 0 
7fa09c032000-7fa09c133000 rw-p 00000000 00:00 0 
7fa09c133000-7fa09c137000 ---p 00000000 00:00 0 
7fa09c137000-7fa09c233000 rw-p 00000000 00:00 0 
7fa09c233000-7fa09c237000 ---p 00000000 00:00 0 
7fa09c237000-7fa09c333000 rw-p 00000000 00:00 0 
7fa09c333000-7fa09c337000 ---p 00000000 00:00 0 
7fa09c337000-7fa09c433000 rw-p 00000000 00:00 0 
7fa09c433000-7fa09c437000 ---p 00000000 00:00 0 
7fa09c437000-7fa09c533000 rw-p 00000000 00:00 0 
7fa09c533000-7fa09c537000 ---p 00000000 00:00 0 
7fa09c537000-7fa09c633000 rw-p 00000000 00:00 0 
7fa09c633000-7fa09c637000 ---p 00000000 00:00 0 
7fa09c637000-7fa09c733000 rw-p 00000000 00:00 0 
7fa09c733000-7fa09c737000 ---p 00000000 00:00 0 
7fa09c737000-7fa09c833000 rw-p 00000000 00:00 0 
7fa09c833000-7fa09c837000 ---p 00000000 00:00 0 
7fa09c837000-7fa09c933000 rw-p 00000000 00:00 0 
7fa09c933000-7fa09c934000 ---p 00000000 00:00 0 
7fa09c934000-7fa09d235000 rw-p 00000000 00:00 0 
7fa09d235000-7fa09d236000 ---p 00000000 00:00 0 
7fa09d236000-7fa09d337000 rw-p 00000000 00:00 0 
7fa09d337000-7fa09d338000 ---p 00000000 00:00 0 
7fa09d338000-7fa09e00d000 rw-p 00000000 00:00 0 
7fa09e00d000-7fa0a44b5000 ---p 00000000 00:00 0 
7fa0a44b5000-7fa0a44c5000 rw-p 00000000 00:00 0 
7fa0a44c5000-7fa0a54c5000 ---p 00000000 00:00 0 
7fa0a54c5000-7fa0a5c95000 rw-p 00000000 00:00 0 
7fa0a5c95000-7fa0ac13d000 ---p 00000000 00:00 0 
7fa0ac13d000-7fa0ac14d000 rw-p 00000000 00:00 0 
7fa0ac14d000-7fa0ad14d000 ---p 00000000 00:00 0 
7fa0ad14d000-7fa0ad247000 rw-p 00000000 00:00 0 
7fa0ad247000-7fa0adedc000 ---p 00000000 00:00 0 
7fa0adedc000-7fa0adede000 rw-p 00000000 00:00 0 
7fa0adede000-7fa0ae0de000 ---p 00000000 00:00 0 
7fa0ae0de000-7fa0ae1d8000 rw-p 00000000 00:00 0 
7fa0ae1d8000-7fa0aee6d000 ---p 00000000 00:00 0 
7fa0aee6d000-7fa0aee6f000 rw-p 00000000 00:00 0 
7fa0aee6f000-7fa0af06f000 ---p 00000000 00:00 0 
7fa0af06f000-7fa0af169000 rw-p 00000000 00:00 0 
7fa0af169000-7fa0afdfe000 ---p 00000000 00:00 0 
7fa0afdfe000-7fa0afe00000 rw-p 00000000 00:00 0 
7fa0afe00000-7fa0b0000000 ---p 00000000 00:00 0 
7fa0b0000000-7fa0b0021000 rw-p 00000000 00:00 0 
7fa0b0021000-7fa0b4000000 ---p 00000000 00:00 0 
7fa0b40b2000-7fa0b40e3000 rw-p 00000000 00:00 0 
7fa0b40e3000-7fa0b40e7000 r--p 00000000 103:02 17829038                  /usr/lib/jvm/java-11-openjdk-amd64/lib/libnet.so
7fa0b40e7000-7fa0b40f5000 r-xp 00004000 103:02 17829038                  /usr/lib/jvm/java-11-openjdk-amd64/lib/libnet.so
7fa0b40f5000-7fa0b40f9000 r--p 00012000 103:02 17829038                  /usr/lib/jvm/java-11-openjdk-amd64/lib/libnet.so
7fa0b40f9000-7fa0b40fa000 r--p 00015000 103:02 17829038                  /usr/lib/jvm/java-11-openjdk-amd64/lib/libnet.so
7fa0b40fa000-7fa0b40fb000 rw-p 00016000 103:02 17829038                  /usr/lib/jvm/java-11-openjdk-amd64/lib/libnet.so
7fa0b40fb000-7fa0b4600000 rw-p 00000000 00:00 0 
7fa0b4600000-7fa0b4910000 rwxp 00000000 00:00 0 
7fa0b4910000-7fa0b4d3f000 ---p 00000000 00:00 0 
7fa0b4d3f000-7fa0b58bf000 rwxp 00000000 00:00 0 
7fa0b58bf000-7fa0bc19f000 ---p 00000000 00:00 0 
7fa0bc19f000-7fa0bc41f000 rwxp 00000000 00:00 0 
7fa0bc41f000-7fa0c3600000 ---p 00000000 00:00 0 
7fa0c3600000-7fa0cbe08000 r--s 00000000 103:02 17829048                  /usr/lib/jvm/java-11-openjdk-amd64/lib/modules
7fa0cbe0f000-7fa0cbe16000 r--p 00000000 103:02 17829039                  /usr/lib/jvm/java-11-openjdk-amd64/lib/libnio.so
7fa0cbe16000-7fa0cbe1e000 r-xp 00007000 103:02 17829039                  /usr/lib/jvm/java-11-openjdk-amd64/lib/libnio.so
7fa0cbe1e000-7fa0cbe21000 r--p 0000f000 103:02 17829039                  /usr/lib/jvm/java-11-openjdk-amd64/lib/libnio.so
7fa0cbe21000-7fa0cbe22000 r--p 00011000 103:02 17829039                  /usr/lib/jvm/java-11-openjdk-amd64/lib/libnio.so
7fa0cbe22000-7fa0cbe23000 rw-p 00012000 103:02 17829039                  /usr/lib/jvm/java-11-openjdk-amd64/lib/libnio.so
7fa0cbe23000-7fa0cc000000 rw-p 00000000 00:00 0 
7fa0cc000000-7fa0cd79b000 rw-p 00000000 00:00 0 
7fa0cd79b000-7fa0d0000000 ---p 00000000 00:00 0 
7fa0d0003000-7fa0d0508000 rw-p 00000000 00:00 0 
7fa0d0508000-7fa0d0509000 ---p 00000000 00:00 0 
7fa0d0509000-7fa0d060a000 rw-p 00000000 00:00 0 
7fa0d060a000-7fa0d060b000 ---p 00000000 00:00 0 
7fa0d060b000-7fa0d1815000 rw-p 00000000 00:00 0 
7fa0d1815000-7fa0d1816000 ---p 00000000 00:00 0 
7fa0d1816000-7fa0d191c000 rw-p 00000000 00:00 0 
7fa0d191c000-7fa0d1a00000 ---p 00000000 00:00 0 
7fa0d1a00000-7fa0d1a9a000 r--p 00000000 103:02 17825911                  /usr/lib/x86_64-linux-gnu/libstdc++.so.6.0.30
7fa0d1a9a000-7fa0d1baa000 r-xp 0009a000 103:02 17825911                  /usr/lib/x86_64-linux-gnu/libstdc++.so.6.0.30
7fa0d1baa000-7fa0d1c19000 r--p 001aa000 103:02 17825911                  /usr/lib/x86_64-linux-gnu/libstdc++.so.6.0.30
7fa0d1c19000-7fa0d1c24000 r--p 00218000 103:02 17825911                  /usr/lib/x86_64-linux-gnu/libstdc++.so.6.0.30
7fa0d1c24000-7fa0d1c27000 rw-p 00223000 103:02 17825911                  /usr/lib/x86_64-linux-gnu/libstdc++.so.6.0.30
7fa0d1c27000-7fa0d1c2a000 rw-p 00000000 00:00 0 
7fa0d1c2a000-7fa0d1c31000 r--s 00000000 103:02 18485418                  /usr/lib/x86_64-linux-gnu/gconv/gconv-modules.cache
7fa0d1c31000-7fa0d1cf1000 rw-p 00000000 00:00 0 
7fa0d1cf1000-7fa0d1dc3000 ---p 00000000 00:00 0 
7fa0d1dc3000-7fa0d1dca000 rw-p 00000000 00:00 0 
7fa0d1dca000-7fa0d1dd2000 ---p 00000000 00:00 0 
7fa0d1dd2000-7fa0d1de0000 r--p 00000000 103:02 17829027                  /usr/lib/jvm/java-11-openjdk-amd64/lib/libjava.so
7fa0d1de0000-7fa0d1df6000 r-xp 0000e000 103:02 17829027                  /usr/lib/jvm/java-11-openjdk-amd64/lib/libjava.so
7fa0d1df6000-7fa0d1dfd000 r--p 00024000 103:02 17829027                  /usr/lib/jvm/java-11-openjdk-amd64/lib/libjava.so
7fa0d1dfd000-7fa0d1dfe000 r--p 0002a000 103:02 17829027                  /usr/lib/jvm/java-11-openjdk-amd64/lib/libjava.so
7fa0d1dfe000-7fa0d1dff000 rw-p 0002b000 103:02 17829027                  /usr/lib/jvm/java-11-openjdk-amd64/lib/libjava.so
7fa0d1dff000-7fa0d1e00000 rw-p 00000000 00:00 0 
7fa0d1e00000-7fa0d2082000 r--p 00000000 103:02 17829051                  /usr/lib/jvm/java-11-openjdk-amd64/lib/server/libjvm.so
7fa0d2082000-7fa0d2d1c000 r-xp 00282000 103:02 17829051                  /usr/lib/jvm/java-11-openjdk-amd64/lib/server/libjvm.so
7fa0d2d1c000-7fa0d2f77000 r--p 00f1c000 103:02 17829051                  /usr/lib/jvm/java-11-openjdk-amd64/lib/server/libjvm.so
7fa0d2f77000-7fa0d303b000 r--p 01176000 103:02 17829051                  /usr/lib/jvm/java-11-openjdk-amd64/lib/server/libjvm.so
7fa0d303b000-7fa0d3076000 rw-p 0123a000 103:02 17829051                  /usr/lib/jvm/java-11-openjdk-amd64/lib/server/libjvm.so
7fa0d3076000-7fa0d30cd000 rw-p 00000000 00:00 0 
7fa0d30d2000-7fa0d30d3000 r--p 00000000 103:02 17833445                  /usr/lib/x86_64-linux-gnu/libutil.so.1
7fa0d30d3000-7fa0d30d4000 r-xp 00001000 103:02 17833445                  /usr/lib/x86_64-linux-gnu/libutil.so.1
7fa0d30d4000-7fa0d30d5000 r--p 00002000 103:02 17833445                  /usr/lib/x86_64-linux-gnu/libutil.so.1
7fa0d30d5000-7fa0d30d6000 r--p 00002000 103:02 17833445                  /usr/lib/x86_64-linux-gnu/libutil.so.1
7fa0d30d6000-7fa0d30d7000 rw-p 00003000 103:02 17833445                  /usr/lib/x86_64-linux-gnu/libutil.so.1
7fa0d30d7000-7fa0d30d9000 r--p 00000000 103:02 17829047                  /usr/lib/jvm/java-11-openjdk-amd64/lib/libzip.so
7fa0d30d9000-7fa0d30de000 r-xp 00002000 103:02 17829047                  /usr/lib/jvm/java-11-openjdk-amd64/lib/libzip.so
7fa0d30de000-7fa0d30e0000 r--p 00007000 103:02 17829047                  /usr/lib/jvm/java-11-openjdk-amd64/lib/libzip.so
7fa0d30e0000-7fa0d30e1000 r--p 00008000 103:02 17829047                  /usr/lib/jvm/java-11-openjdk-amd64/lib/libzip.so
7fa0d30e1000-7fa0d30e2000 rw-p 00009000 103:02 17829047                  /usr/lib/jvm/java-11-openjdk-amd64/lib/libzip.so
7fa0d30e2000-7fa0d30ea000 rw-s 00000000 103:02 23595882                  /tmp/hsperfdata_extended/39434
7fa0d30ea000-7fa0d30ef000 r--p 00000000 103:02 17829046                  /usr/lib/jvm/java-11-openjdk-amd64/lib/libverify.so
7fa0d30ef000-7fa0d30f6000 r-xp 00005000 103:02 17829046                  /usr/lib/jvm/java-11-openjdk-amd64/lib/libverify.so
7fa0d30f6000-7fa0d30f8000 r--p 0000c000 103:02 17829046                  /usr/lib/jvm/java-11-openjdk-amd64/lib/libverify.so
7fa0d30f8000-7fa0d30fa000 r--p 0000d000 103:02 17829046                  /usr/lib/jvm/java-11-openjdk-amd64/lib/libverify.so
7fa0d30fa000-7fa0d30fb000 rw-p 0000f000 103:02 17829046                  /usr/lib/jvm/java-11-openjdk-amd64/lib/libverify.so
7fa0d30fb000-7fa0d30fc000 r--p 00000000 103:02 17833228                  /usr/lib/x86_64-linux-gnu/librt.so.1
7fa0d30fc000-7fa0d30fd000 r-xp 00001000 103:02 17833228                  /usr/lib/x86_64-linux-gnu/librt.so.1
7fa0d30fd000-7fa0d30fe000 r--p 00002000 103:02 17833228                  /usr/lib/x86_64-linux-gnu/librt.so.1
7fa0d30fe000-7fa0d30ff000 r--p 00002000 103:02 17833228                  /usr/lib/x86_64-linux-gnu/librt.so.1
7fa0d30ff000-7fa0d3100000 rw-p 00003000 103:02 17833228                  /usr/lib/x86_64-linux-gnu/librt.so.1
7fa0d3100000-7fa0d3104000 ---p 00000000 00:00 0 
7fa0d3104000-7fa0d3200000 rw-p 00000000 00:00 0 
7fa0d3200000-7fa0d3228000 r--p 00000000 103:02 17832252                  /usr/lib/x86_64-linux-gnu/libc.so.6
7fa0d3228000-7fa0d33bd000 r-xp 00028000 103:02 17832252                  /usr/lib/x86_64-linux-gnu/libc.so.6
7fa0d33bd000-7fa0d3415000 r--p 001bd000 103:02 17832252                  /usr/lib/x86_64-linux-gnu/libc.so.6
7fa0d3415000-7fa0d3419000 r--p 00214000 103:02 17832252                  /usr/lib/x86_64-linux-gnu/libc.so.6
7fa0d3419000-7fa0d341b000 rw-p 00218000 103:02 17832252                  /usr/lib/x86_64-linux-gnu/libc.so.6
7fa0d341b000-7fa0d3428000 rw-p 00000000 00:00 0 
7fa0d3429000-7fa0d342c000 r--p 00000000 103:02 17825915                  /usr/lib/x86_64-linux-gnu/libgcc_s.so.1
7fa0d342c000-7fa0d3443000 r-xp 00003000 103:02 17825915                  /usr/lib/x86_64-linux-gnu/libgcc_s.so.1
7fa0d3443000-7fa0d3447000 r--p 0001a000 103:02 17825915                  /usr/lib/x86_64-linux-gnu/libgcc_s.so.1
7fa0d3447000-7fa0d3448000 r--p 0001d000 103:02 17825915                  /usr/lib/x86_64-linux-gnu/libgcc_s.so.1
7fa0d3448000-7fa0d3449000 rw-p 0001e000 103:02 17825915                  /usr/lib/x86_64-linux-gnu/libgcc_s.so.1
7fa0d3449000-7fa0d3457000 r--p 00000000 103:02 17832903                  /usr/lib/x86_64-linux-gnu/libm.so.6
7fa0d3457000-7fa0d34d3000 r-xp 0000e000 103:02 17832903                  /usr/lib/x86_64-linux-gnu/libm.so.6
7fa0d34d3000-7fa0d352e000 r--p 0008a000 103:02 17832903                  /usr/lib/x86_64-linux-gnu/libm.so.6
7fa0d352e000-7fa0d352f000 r--p 000e4000 103:02 17832903                  /usr/lib/x86_64-linux-gnu/libm.so.6
7fa0d352f000-7fa0d3530000 rw-p 000e5000 103:02 17832903                  /usr/lib/x86_64-linux-gnu/libm.so.6
7fa0d3530000-7fa0d3532000 rw-p 00000000 00:00 0 
7fa0d3532000-7fa0d3534000 r--p 00000000 103:02 17831544                  /usr/lib/x86_64-linux-gnu/libz.so.1.2.11
7fa0d3534000-7fa0d3545000 r-xp 00002000 103:02 17831544                  /usr/lib/x86_64-linux-gnu/libz.so.1.2.11
7fa0d3545000-7fa0d354b000 r--p 00013000 103:02 17831544                  /usr/lib/x86_64-linux-gnu/libz.so.1.2.11
7fa0d354b000-7fa0d354c000 ---p 00019000 103:02 17831544                  /usr/lib/x86_64-linux-gnu/libz.so.1.2.11
7fa0d354c000-7fa0d354d000 r--p 00019000 103:02 17831544                  /usr/lib/x86_64-linux-gnu/libz.so.1.2.11
7fa0d354d000-7fa0d354e000 rw-p 0001a000 103:02 17831544                  /usr/lib/x86_64-linux-gnu/libz.so.1.2.11
7fa0d3550000-7fa0d3552000 r--s 0000c000 103:02 18743367                  /usr/share/java/java-atk-wrapper.jar
7fa0d3552000-7fa0d3553000 ---p 00000000 00:00 0 
7fa0d3553000-7fa0d3554000 r--p 00000000 00:00 0 
7fa0d3554000-7fa0d3556000 r--p 00000000 103:02 17829030                  /usr/lib/jvm/java-11-openjdk-amd64/lib/libjimage.so
7fa0d3556000-7fa0d3559000 r-xp 00002000 103:02 17829030                  /usr/lib/jvm/java-11-openjdk-amd64/lib/libjimage.so
7fa0d3559000-7fa0d355a000 r--p 00005000 103:02 17829030                  /usr/lib/jvm/java-11-openjdk-amd64/lib/libjimage.so
7fa0d355a000-7fa0d355b000 ---p 00006000 103:02 17829030                  /usr/lib/jvm/java-11-openjdk-amd64/lib/libjimage.so
7fa0d355b000-7fa0d355c000 r--p 00006000 103:02 17829030                  /usr/lib/jvm/java-11-openjdk-amd64/lib/libjimage.so
7fa0d355c000-7fa0d355d000 rw-p 00007000 103:02 17829030                  /usr/lib/jvm/java-11-openjdk-amd64/lib/libjimage.so
7fa0d355d000-7fa0d3560000 r--p 00000000 103:02 17829003                  /usr/lib/jvm/java-11-openjdk-amd64/lib/jli/libjli.so
7fa0d3560000-7fa0d356a000 r-xp 00003000 103:02 17829003                  /usr/lib/jvm/java-11-openjdk-amd64/lib/jli/libjli.so
7fa0d356a000-7fa0d356d000 r--p 0000d000 103:02 17829003                  /usr/lib/jvm/java-11-openjdk-amd64/lib/jli/libjli.so
7fa0d356d000-7fa0d356e000 ---p 00010000 103:02 17829003                  /usr/lib/jvm/java-11-openjdk-amd64/lib/jli/libjli.so
7fa0d356e000-7fa0d356f000 r--p 00010000 103:02 17829003                  /usr/lib/jvm/java-11-openjdk-amd64/lib/jli/libjli.so
7fa0d356f000-7fa0d3570000 rw-p 00011000 103:02 17829003                  /usr/lib/jvm/java-11-openjdk-amd64/lib/jli/libjli.so
7fa0d3570000-7fa0d3572000 rw-p 00000000 00:00 0 
7fa0d3572000-7fa0d3574000 r--p 00000000 103:02 17831915                  /usr/lib/x86_64-linux-gnu/ld-linux-x86-64.so.2
7fa0d3574000-7fa0d359e000 r-xp 00002000 103:02 17831915                  /usr/lib/x86_64-linux-gnu/ld-linux-x86-64.so.2
7fa0d359e000-7fa0d35a9000 r--p 0002c000 103:02 17831915                  /usr/lib/x86_64-linux-gnu/ld-linux-x86-64.so.2
7fa0d35aa000-7fa0d35ac000 r--p 00037000 103:02 17831915                  /usr/lib/x86_64-linux-gnu/ld-linux-x86-64.so.2
7fa0d35ac000-7fa0d35ae000 rw-p 00039000 103:02 17831915                  /usr/lib/x86_64-linux-gnu/ld-linux-x86-64.so.2
7ffd65faa000-7ffd65fcd000 rw-p 00000000 00:00 0                          [stack]
7ffd65ff9000-7ffd65ffd000 r--p 00000000 00:00 0                          [vvar]
7ffd65ffd000-7ffd65fff000 r-xp 00000000 00:00 0                          [vdso]
ffffffffff600000-ffffffffff601000 --xp 00000000 00:00 0                  [vsyscall]


VM Arguments:
java_command: org.jetbrains.kotlin.cli.jvm.K2JVMCompiler @/home/extended/Dev/asmt1/Razorpay/node_modules/react-native-screens/android/build/20230330_2712235984303541112.compiler.options
java_class_path (initial): /home/extended/.gradle/caches/modules-2/files-2.1/org.jetbrains.kotlin/kotlin-compiler-embeddable/1.6.21/97bdd5a752ce73b58ef16c17bc7f0ea2faff7a2e/kotlin-compiler-embeddable-1.6.21.jar:/home/extended/.gradle/caches/modules-2/files-2.1/org.jetbrains.kotlin/kotlin-reflect/1.6.21/5dc3574d9b7bebfcb4ec6b10ada4aaa9e140bd0b/kotlin-reflect-1.6.21.jar:/home/extended/.gradle/caches/modules-2/files-2.1/org.jetbrains.kotlin/kotlin-stdlib/1.6.21/11ef67f1900634fd951bad28c53ec957fabbe5b8/kotlin-stdlib-1.6.21.jar:/home/extended/.gradle/caches/modules-2/files-2.1/org.jetbrains.kotlin/kotlin-script-runtime/1.6.21/99c6675100da5d6d5b1c5a1032f27f28008d101b/kotlin-script-runtime-1.6.21.jar:/home/extended/.gradle/caches/modules-2/files-2.1/org.jetbrains.kotlin/kotlin-daemon-embeddable/1.6.21/46b78cf392e1c4f10854c3cadba44abb7b82250f/kotlin-daemon-embeddable-1.6.21.jar:/home/extended/.gradle/caches/modules-2/files-2.1/org.jetbrains.intellij.deps/trove4j/1.0.20200330/3afb14d5f9ceb459d724e907a21145e8ff394f02/trove4j-1.0.20200330.jar:/home/extended/.gradle/caches/modules-2/files-2.1/net.java.dev.jna/jna/5.6.0/330f2244e9030119ab3030fc3fededc86713d9cc/jna-5.6.0.jar:/home/extended/.gradle/caches/modules-2/files-2.1/org.jetbrains.kotlin/kotlin-stdlib-common/1.6.21/5e5b55c26dbc80372a920aef60eb774b714559b8/kotlin-stdlib-common-1.6.21.jar:/home/extended/.gradle/caches/modules-2/files-2.1/org.jetbrains/annotations/13.0/919f0dfe192fb4e063e7dacadee7f8bb9a2672a9/annotations-13.0.jar
Launcher Type: SUN_STANDARD

[Global flags]
     intx CICompilerCount                          = 12                                        {product} {ergonomic}
     uint ConcGCThreads                            = 4                                         {product} {ergonomic}
     uint G1ConcRefinementThreads                  = 15                                        {product} {ergonomic}
   size_t G1HeapRegionSize                         = 2097152                                   {product} {ergonomic}
    uintx GCDrainStackTargetSize                   = 64                                        {product} {ergonomic}
   size_t InitialHeapSize                          = 524288000                                 {product} {ergonomic}
   size_t MarkStackSize                            = 4194304                                   {product} {ergonomic}
   size_t MaxHeapSize                              = 8357150720                                {product} {ergonomic}
   size_t MaxNewSize                               = 5014290432                                {product} {ergonomic}
   size_t MinHeapDeltaBytes                        = 2097152                                   {product} {ergonomic}
    uintx NonNMethodCodeHeapSize                   = 7594288                                {pd product} {ergonomic}
    uintx NonProfiledCodeHeapSize                  = 122031976                              {pd product} {ergonomic}
    uintx ProfiledCodeHeapSize                     = 122031976                              {pd product} {ergonomic}
    uintx ReservedCodeCacheSize                    = 251658240                              {pd product} {ergonomic}
     bool SegmentedCodeCache                       = true                                      {product} {ergonomic}
     bool UseCompressedClassPointers               = true                                 {lp64_product} {ergonomic}
     bool UseCompressedOops                        = true                                 {lp64_product} {ergonomic}
     bool UseG1GC                                  = true                                      {product} {ergonomic}

Logging:
Log output configuration:
 #0: stdout all=warning uptime,level,tags
 #1: stderr all=off uptime,level,tags

Environment Variables:
PATH=/home/extended/Dev/asmt1/Razorpay/android/node_modules/.bin:/home/extended/Dev/asmt1/Razorpay/node_modules/.bin:/home/extended/Dev/asmt1/node_modules/.bin:/home/extended/Dev/node_modules/.bin:/home/extended/node_modules/.bin:/home/node_modules/.bin:/node_modules/.bin:/home/extended/.nvm/versions/node/v16.19.0/bin:/tmp/yarn--1680184699582-0.8029758585212432:/home/extended/Dev/asmt1/Razorpay/node_modules/.bin:/home/extended/.config/yarn/link/node_modules/.bin:/home/extended/.yarn/bin:/home/extended/.nvm/versions/node/v16.19.0/libexec/lib/node_modules/npm/bin/node-gyp-bin:/home/extended/.nvm/versions/node/v16.19.0/lib/node_modules/npm/bin/node-gyp-bin:/home/extended/.nvm/versions/node/v16.19.0/bin/node_modules/npm/bin/node-gyp-bin:/home/extended/.nvm/versions/node/v16.19.0/bin:/usr/local/sbin:/usr/local/bin:/usr/sbin:/usr/bin:/sbin:/bin:/usr/games:/usr/local/games:/snap/bin:/snap/bin:/home/extended/Android/Sdk/emulator:/home/extended/Android/Sdk/platform-tools
USERNAME=extended
SHELL=/bin/bash
DISPLAY=:0
LANG=en_IN
TERM=xterm-256color

Signal Handlers:
SIGSEGV: [libjvm.so+0xea9a80], sa_mask[0]=11111111011111111101111111111110, sa_flags=SA_RESTART|SA_SIGINFO
SIGBUS: [libjvm.so+0xea9a80], sa_mask[0]=11111111011111111101111111111110, sa_flags=SA_RESTART|SA_SIGINFO
SIGFPE: [libjvm.so+0xea9a80], sa_mask[0]=11111111011111111101111111111110, sa_flags=SA_RESTART|SA_SIGINFO
SIGPIPE: [libjvm.so+0xbecfd0], sa_mask[0]=11111111011111111101111111111110, sa_flags=SA_RESTART|SA_SIGINFO
SIGXFSZ: [libjvm.so+0xbecfd0], sa_mask[0]=11111111011111111101111111111110, sa_flags=SA_RESTART|SA_SIGINFO
SIGILL: [libjvm.so+0xea9a80], sa_mask[0]=11111111011111111101111111111110, sa_flags=SA_RESTART|SA_SIGINFO
SIGUSR2: [libjvm.so+0xbece70], sa_mask[0]=00100000000000000000000000000000, sa_flags=SA_RESTART|SA_SIGINFO
SIGHUP: [libjvm.so+0xbed250], sa_mask[0]=11111111011111111101111111111110, sa_flags=SA_RESTART|SA_SIGINFO
SIGINT: [libjvm.so+0xbed250], sa_mask[0]=11111111011111111101111111111110, sa_flags=SA_RESTART|SA_SIGINFO
SIGTERM: [libjvm.so+0xbed250], sa_mask[0]=11111111011111111101111111111110, sa_flags=SA_RESTART|SA_SIGINFO
SIGQUIT: [libjvm.so+0xbed250], sa_mask[0]=11111111011111111101111111111110, sa_flags=SA_RESTART|SA_SIGINFO


---------------  S Y S T E M  ---------------

OS:DISTRIB_ID=Ubuntu
DISTRIB_RELEASE=22.04
DISTRIB_CODENAME=jammy
DISTRIB_DESCRIPTION="Ubuntu 22.04.2 LTS"
uname:Linux 5.19.0-38-generic #39~22.04.1-Ubuntu SMP PREEMPT_DYNAMIC Fri Mar 17 21:16:15 UTC 2 x86_64
OS uptime: 0 days 9:20 hours
libc:glibc 2.35 NPTL 2.35 
rlimit (soft/hard): STACK 8192k/infinity , CORE 0k/infinity , NPROC 127196/127196 , NOFILE 1048576/1048576 , AS infinity/infinity , CPU infinity/infinity , DATA infinity/infinity , FSIZE infinity/infinity , MEMLOCK 4080232k/4080232k
load average:10.01 3.11 1.63

/proc/meminfo:
MemTotal:       32641884 kB
MemFree:        10178212 kB
MemAvailable:   21417912 kB
Buffers:          455108 kB
Cached:         12236548 kB
SwapCached:            0 kB
Active:          6300164 kB
Inactive:       13683324 kB
Active(anon):      24652 kB
Inactive(anon):  8719928 kB
Active(file):    6275512 kB
Inactive(file):  4963396 kB
Unevictable:     1304576 kB
Mlocked:              32 kB
SwapTotal:       2097148 kB
SwapFree:        2097148 kB
Zswap:                 0 kB
Zswapped:              0 kB
Dirty:            228532 kB
Writeback:             0 kB
AnonPages:       8596944 kB
Mapped:          3203676 kB
Shmem:           1458712 kB
KReclaimable:     473564 kB
Slab:             785792 kB
SReclaimable:     473564 kB
SUnreclaim:       312228 kB
KernelStack:       35136 kB
PageTables:        84172 kB
NFS_Unstable:          0 kB
Bounce:                0 kB
WritebackTmp:          0 kB
CommitLimit:    18418088 kB
Committed_AS:   24471636 kB
VmallocTotal:   34359738367 kB
VmallocUsed:      136008 kB
VmallocChunk:          0 kB
Percpu:            27456 kB
HardwareCorrupted:     0 kB
AnonHugePages:      2048 kB
ShmemHugePages:        0 kB
ShmemPmdMapped:        0 kB
FileHugePages:         0 kB
FilePmdMapped:         0 kB
HugePages_Total:       0
HugePages_Free:        0
HugePages_Rsvd:        0
HugePages_Surp:        0
Hugepagesize:       2048 kB
Hugetlb:               0 kB
DirectMap4k:      534472 kB
DirectMap2M:    19156992 kB
DirectMap1G:    13631488 kB

/sys/kernel/mm/transparent_hugepage/enabled:
always [madvise] never
/sys/kernel/mm/transparent_hugepage/defrag (defrag/compaction efforts parameter):
always defer defer+madvise [madvise] never

Process Memory:
Virtual Size: 12724852K (peak: 19838920K)
Resident Set Size: 384852K (peak: 384852K) (anon: 356320K, file: 28532K, shmem: 0K)
Swapped out: 0K
C-Heap outstanding allocations: 157160K, retained: 42635K
glibc malloc tunables: (default)

/proc/sys/kernel/threads-max (system-wide limit on the number of threads):
254392
/proc/sys/vm/max_map_count (maximum number of memory map areas a process may have):
65530
/proc/sys/kernel/pid_max (system-wide limit on number of process identifiers):
4194304

container (cgroup) information:
container_type: cgroupv2
cpu_cpuset_cpus: not supported
cpu_memory_nodes: not supported
active_processor_count: 20
cpu_quota: not supported
cpu_period: not supported
cpu_shares: not supported
memory_limit_in_bytes: unlimited
memory_and_swap_limit_in_bytes: unlimited
memory_soft_limit_in_bytes: unlimited
memory_usage_in_bytes: 13849732 k
memory_max_usage_in_bytes: not supported
maximum number of tasks: 38158
current number of tasks: 748

Steal ticks since vm start: 0
Steal ticks percentage since vm start:  0.000

CPU:total 20 (initial active 20) (10 cores per cpu, 2 threads per core) family 6 model 151 stepping 2 microcode 0x2c, cmov, cx8, fxsr, mmx, sse, sse2, sse3, ssse3, sse4.1, sse4.2, popcnt, avx, avx2, aes, clmul, erms, 3dnowpref, lzcnt, ht, tsc, tscinvbit, bmi1, bmi2, adx, sha, fma
CPU Model and flags from /proc/cpuinfo:
model name	: 12th Gen Intel(R) Core(TM) i7-12700
flags		: fpu vme de pse tsc msr pae mce cx8 apic sep mtrr pge mca cmov pat pse36 clflush dts acpi mmx fxsr sse sse2 ss ht tm pbe syscall nx pdpe1gb rdtscp lm constant_tsc art arch_perfmon pebs bts rep_good nopl xtopology nonstop_tsc cpuid aperfmperf tsc_known_freq pni pclmulqdq dtes64 monitor ds_cpl vmx smx est tm2 ssse3 sdbg fma cx16 xtpr pdcm pcid sse4_1 sse4_2 x2apic movbe popcnt tsc_deadline_timer aes xsave avx f16c rdrand lahf_lm abm 3dnowprefetch cpuid_fault cat_l2 invpcid_single cdp_l2 ssbd ibrs ibpb stibp ibrs_enhanced tpr_shadow vnmi flexpriority ept vpid ept_ad fsgsbase tsc_adjust bmi1 avx2 smep bmi2 erms invpcid rdt_a rdseed adx smap clflushopt clwb intel_pt sha_ni xsaveopt xsavec xgetbv1 xsaves split_lock_detect avx_vnni dtherm ida arat pln pts hwp hwp_notify hwp_act_window hwp_epp hwp_pkg_req hfi umip pku ospke waitpkg gfni vaes vpclmulqdq tme rdpid movdiri movdir64b fsrm md_clear serialize pconfig arch_lbr ibt flush_l1d arch_capabilities
Online cpus:
0-19
Offline cpus:

BIOS frequency limitation:
<Not Available>
Frequency switch latency (ns):
0
Available cpu frequencies:
<Not Available>
Current governor:
powersave
Core performance/turbo boost:
<Not Available>

Memory: 4k page, physical 32641884k(10177204k free), swap 2097148k(2097148k free)

vm_info: OpenJDK 64-Bit Server VM (11.0.18+10-post-Ubuntu-0ubuntu122.04) for linux-amd64 JRE (11.0.18+10-post-Ubuntu-0ubuntu122.04), built on Jan 20 2023 09:07:44 by "unknown" with gcc 11.3.0

END.
